Iteration	Posterior	Likelihood	Prior	branch_rates	er[1]	er[2]	er[3]	er[4]	er[5]	er[6]	extinction_rate	freq[1]	freq[2]	freq[3]	freq[4]	root_age	speciation_rate
0	-26448.64	-26345.74	-102.8974	0.04278753	0.142154	0.166461	0.0354411	0.404063	0.0457736	0.206107	0.1243969	0.332963	0.444815	0.216321	0.00590123	29.4638	0.03920499
50	-20376.53	-20289.66	-86.8763	0.04278753	0.158472	0.147475	0.17057	0.154414	0.18351	0.185559	0.04527709	0.254788	0.246335	0.249075	0.249801	18.17319	0.1189855
100	-20376.53	-20288.18	-88.34599	0.04278753	0.158135	0.162771	0.173265	0.15126	0.19064	0.16393	0.06524477	0.249939	0.241646	0.263368	0.245047	17.88575	0.1494312
150	-20379.47	-20290.11	-89.36064	0.04278753	0.16048	0.14809	0.175835	0.153503	0.187512	0.174578	0.06808183	0.251242	0.251637	0.262615	0.234506	16.74815	0.1375498
200	-20372.28	-20285.56	-86.72426	0.04278753	0.161013	0.147008	0.175091	0.152381	0.190053	0.174454	0.02072414	0.252928	0.252556	0.256939	0.237576	17.44967	0.1364448
250	-20374.4	-20287.83	-86.57286	0.04278753	0.159909	0.148467	0.153677	0.163165	0.198597	0.176185	0.01707785	0.273648	0.233159	0.256252	0.236941	17.26784	0.08743244
300	-20374.79	-20288.47	-86.32793	0.04278753	0.162158	0.148676	0.15706	0.161492	0.191181	0.179432	0.009952958	0.263622	0.23637	0.259781	0.240226	16.97989	0.1164738
350	-20376.74	-20290.34	-86.39229	0.04278753	0.163946	0.156262	0.151121	0.15397	0.184158	0.190543	0.01659285	0.260235	0.249299	0.244761	0.245705	17.32593	0.09418733
400	-20381.04	-20293.79	-87.25595	0.04278753	0.146935	0.16362	0.170268	0.157044	0.178714	0.18342	0.02377833	0.256321	0.242857	0.249929	0.250893	16.80106	0.1434859
450	-20377.24	-20290.51	-86.72534	0.04278753	0.158081	0.15988	0.166769	0.155861	0.177369	0.182039	0.005086635	0.251557	0.243708	0.252963	0.251773	17.67401	0.06650173
500	-20378.79	-20292.7	-86.09044	0.04278753	0.16034	0.162165	0.170245	0.158088	0.179903	0.169259	0.004327414	0.249983	0.242183	0.257637	0.250197	17.99037	0.1209563
550	-20380.86	-20293.03	-87.83045	0.04278753	0.163378	0.152234	0.152058	0.176552	0.183312	0.172466	0.0431315	0.25626	0.242768	0.244493	0.25648	17.68865	0.1487208
600	-20383.81	-20298.03	-85.78367	0.04278753	0.154738	0.151375	0.155151	0.181026	0.187957	0.169753	0.01535891	0.262246	0.24215	0.250205	0.245399	18.29302	0.1254478
650	-20369.47	-20283.63	-85.83435	0.04278753	0.162826	0.153754	0.16326	0.160557	0.191303	0.1683	0.005054922	0.261203	0.229743	0.25613	0.252923	17.28366	0.1010126
700	-20377.91	-20292.01	-85.9016	0.04278753	0.174884	0.155332	0.164935	0.162204	0.183023	0.159622	0.000295181	0.265317	0.226959	0.261696	0.246029	16.58726	0.1097491
750	-20376.76	-20290.99	-85.77127	0.04278753	0.165806	0.138454	0.159548	0.171793	0.191219	0.17318	0.0001458363	0.258744	0.25187	0.252243	0.237142	17.42344	0.1218768
800	-20375.51	-20289.46	-86.05622	0.04278753	0.155787	0.147817	0.159443	0.169736	0.192035	0.175182	4.750284e-05	0.263751	0.241346	0.253369	0.241534	16.67943	0.09498016
850	-20372.7	-20287.5	-85.19941	0.04278753	0.159056	0.143223	0.168061	0.163643	0.196282	0.169735	2.465287e-06	0.252903	0.244902	0.257102	0.245093	17.9611	0.1215448
900	-20371.54	-20285.98	-85.56407	0.04278753	0.156375	0.157785	0.164566	0.160239	0.181145	0.17989	4.235659e-05	0.268578	0.24477	0.241282	0.245369	17.10936	0.1160055
950	-20374.42	-20286.69	-87.72569	0.04278753	0.168647	0.155406	0.154609	0.164609	0.201156	0.155573	1.280533e-05	0.257883	0.235023	0.251966	0.255128	17.21877	0.1534054
1000	-20372.5	-20286.43	-86.07253	0.04278753	0.165471	0.158808	0.159643	0.164182	0.188405	0.163491	0.0001045933	0.24796	0.248169	0.254534	0.249337	17.27182	0.1241685
1050	-20370.69	-20284.08	-86.60792	0.04278753	0.16413	0.165243	0.169338	0.154608	0.177825	0.168856	0.0001220056	0.251567	0.250564	0.244906	0.252963	17.4649	0.1436307
1100	-20377.26	-20291.26	-86.00571	0.04278753	0.172889	0.155699	0.163083	0.177448	0.171257	0.159625	0.009970035	0.253895	0.231109	0.258709	0.256288	17.3571	0.09246706
1150	-20375.96	-20289.57	-86.38697	0.04278753	0.16964	0.157484	0.167293	0.170907	0.173221	0.161455	0.003245463	0.254472	0.23653	0.246053	0.262945	17.42583	0.1261823
1200	-20383.86	-20295.34	-88.52019	0.04278753	0.153176	0.174756	0.157719	0.176199	0.175019	0.163132	0.05739083	0.251354	0.245885	0.243038	0.259723	17.30383	0.1197813
1250	-20374.59	-20288.79	-85.8046	0.04278753	0.168804	0.153535	0.151393	0.174293	0.194777	0.157199	0.01466138	0.25747	0.227778	0.248952	0.265801	17.74805	0.1002584
1300	-20376.43	-20288.13	-88.29863	0.04278753	0.165824	0.16331	0.14872	0.170628	0.191339	0.160178	0.04121281	0.258808	0.227447	0.259904	0.25384	17.21686	0.09325705
1350	-20375.27	-20289.1	-86.17293	0.04278753	0.152814	0.148425	0.15708	0.174977	0.202443	0.16426	0.002138848	0.252539	0.246624	0.249804	0.251032	16.72182	0.1132166
1400	-20376.77	-20289.59	-87.18606	0.04278753	0.153119	0.150895	0.178388	0.162712	0.180389	0.174497	0.00554857	0.260092	0.23899	0.257657	0.243261	17.01748	0.1386271
1450	-20375.8	-20288.94	-86.85379	0.04278753	0.160661	0.15537	0.177047	0.1534	0.17982	0.173702	0.00266264	0.251411	0.246483	0.249057	0.253049	16.87399	0.07156553
1500	-20377.47	-20290.49	-86.97053	0.04278753	0.159462	0.15421	0.175725	0.160612	0.178478	0.171515	0.008161398	0.253427	0.247029	0.251054	0.24849	16.89814	0.08024358
1550	-20375.41	-20289.68	-85.73699	0.04278753	0.157307	0.152126	0.17335	0.171954	0.176066	0.169197	0.01388406	0.26218	0.244133	0.24811	0.245577	17.64467	0.08865774
1600	-20372.13	-20286.45	-85.68774	0.04278753	0.157153	0.161551	0.162704	0.171786	0.178512	0.168294	0.007881778	0.261826	0.244506	0.242812	0.250856	17.41361	0.09646076
1650	-20377.33	-20289.98	-87.35031	0.04278753	0.159363	0.161364	0.15238	0.177552	0.178306	0.171035	0.04169504	0.264125	0.244888	0.237928	0.253059	18.15156	0.09063827
1700	-20367.24	-20280.67	-86.57131	0.04278753	0.165171	0.14922	0.162517	0.164697	0.190092	0.168303	0.009836776	0.256627	0.237936	0.259562	0.245875	17.16631	0.08330147
1750	-20369.46	-20282.73	-86.73244	0.04278753	0.155963	0.152739	0.162709	0.166428	0.19209	0.170071	0.008793583	0.258213	0.239406	0.261166	0.241216	17.28657	0.1315343
1800	-20371.92	-20286.08	-85.83524	0.04278753	0.149249	0.160167	0.163699	0.167018	0.195583	0.164283	0.001509353	0.254854	0.235466	0.253311	0.256369	17.09111	0.1122869
1850	-20373.96	-20286.95	-87.00819	0.04278753	0.157694	0.154353	0.172962	0.159205	0.18075	0.175035	0.02330313	0.259279	0.250488	0.258695	0.231538	17.31311	0.146118
1900	-20371.74	-20285.17	-86.56151	0.04278753	0.157582	0.14335	0.172838	0.159092	0.193586	0.173553	0.0267296	0.261454	0.235843	0.253109	0.249594	17.596	0.1109481
1950	-20382.03	-20296.37	-85.65788	0.04278753	0.163679	0.148897	0.150419	0.166432	0.201077	0.169496	0.01295197	0.25697	0.248949	0.248768	0.245313	17.9032	0.1202256
2000	-20375.96	-20290.9	-85.06003	0.04278753	0.147238	0.16231	0.153839	0.158159	0.204075	0.174378	0.003638479	0.254909	0.241475	0.26027	0.243346	17.99623	0.1140179
2050	-20378.86	-20291.78	-87.07447	0.04278753	0.143319	0.157989	0.164667	0.153949	0.198643	0.181434	0.002803167	0.274693	0.239516	0.249428	0.236363	16.50897	0.07199045
2100	-20378.47	-20291.96	-86.5077	0.04278753	0.177589	0.148564	0.15867	0.147951	0.192399	0.174826	0.01281109	0.25775	0.234657	0.25117	0.256423	17.45192	0.1239596
2150	-20379.2	-20291.37	-87.82696	0.04278753	0.176257	0.160248	0.160151	0.149332	0.184205	0.169806	0.03400021	0.261199	0.237798	0.255978	0.245026	17.95325	0.1645371
2200	-20375.55	-20288.54	-87.00753	0.04278753	0.158618	0.160104	0.160008	0.163625	0.187991	0.169654	0.03876839	0.249001	0.241528	0.261382	0.24809	17.77292	0.120835
2250	-20376.7	-20290.42	-86.28379	0.04278753	0.162486	0.152318	0.156276	0.166027	0.190749	0.172144	0.01016087	0.244972	0.240505	0.259863	0.25466	17.32987	0.0841169
2300	-20374.44	-20289.29	-85.14786	0.04278753	0.16673	0.156297	0.160358	0.144244	0.195731	0.17664	0.005950765	0.254075	0.250598	0.25199	0.243337	18.3148	0.08934562
2350	-20372.74	-20286.1	-86.63328	0.04278753	0.16997	0.151056	0.161677	0.168182	0.189169	0.159945	0.03426902	0.258451	0.229213	0.26735	0.244986	17.45346	0.1099778
2400	-20371.02	-20284.52	-86.49764	0.04278753	0.15633	0.150264	0.165114	0.171757	0.19319	0.163346	0.01167322	0.260908	0.235582	0.251652	0.251858	16.94806	0.1125059
2450	-20375.37	-20288.57	-86.79713	0.04278753	0.159672	0.179291	0.154117	0.162951	0.183415	0.160555	0.02156663	0.254441	0.235287	0.247273	0.262999	17.21654	0.1062338
2500	-20374.71	-20287.99	-86.72007	0.04278753	0.177032	0.162924	0.164732	0.153664	0.181602	0.160045	0.02770187	0.250967	0.238217	0.255557	0.255259	18.08032	0.1305673
2550	-20379.47	-20291.96	-87.50567	0.04278753	0.174233	0.160348	0.157979	0.171194	0.178731	0.157515	0.02515479	0.249056	0.24149	0.246663	0.26279	16.64825	0.1061809
2600	-20379.32	-20293.72	-85.59517	0.04278753	0.179405	0.158303	0.155963	0.16901	0.187761	0.149558	0.01332387	0.247433	0.22185	0.263569	0.267148	17.38737	0.1092426
2650	-20377.79	-20290.02	-87.76797	0.04278753	0.159383	0.158596	0.155173	0.16557	0.183938	0.177341	0.04400289	0.258746	0.235941	0.252328	0.252985	17.3929	0.1006523
2700	-20374.17	-20286.46	-87.70978	0.04278753	0.169677	0.15416	0.164925	0.167599	0.178516	0.165123	0.03153658	0.254779	0.245451	0.252276	0.247494	16.81497	0.1291624
2750	-20376.51	-20288.83	-87.68273	0.04278753	0.157145	0.177842	0.162662	0.155221	0.178679	0.168451	0.0314042	0.257886	0.250637	0.240964	0.250513	16.70727	0.1355781
2800	-20374.35	-20286.55	-87.80253	0.04278753	0.153686	0.169809	0.159082	0.172187	0.174558	0.170678	0.04762919	0.256299	0.249094	0.23948	0.255127	17.52547	0.1191099
2850	-20373.37	-20285.39	-87.9791	0.04278753	0.155396	0.17026	0.160852	0.15819	0.185186	0.170116	0.04155055	0.255123	0.252692	0.248993	0.243192	17.32862	0.1335328
2900	-20375.99	-20287.22	-88.76936	0.04278753	0.156977	0.162645	0.162489	0.148781	0.187959	0.181149	0.05855143	0.255123	0.252692	0.248993	0.243192	17.37232	0.1651175
2950	-20374.89	-20287.64	-87.25025	0.04278753	0.164501	0.172818	0.154984	0.158087	0.185486	0.164123	0.02324408	0.253807	0.244679	0.244512	0.257003	17.10954	0.1313078
3000	-20381.04	-20293.79	-87.24645	0.04278753	0.162307	0.17235	0.168736	0.15166	0.183013	0.161934	0.03273208	0.25024	0.24124	0.255128	0.253392	17.20991	0.1040352
3050	-20372.06	-20283.23	-88.83099	0.04278753	0.170798	0.151351	0.157433	0.158543	0.191468	0.170406	0.06200094	0.252708	0.24362	0.255577	0.248094	17.56251	0.1069718
3100	-20370.89	-20281.79	-89.10149	0.04278753	0.154986	0.150591	0.16514	0.169224	0.190507	0.169551	0.02921123	0.261789	0.24066	0.252472	0.24508	17.27112	0.1783693
3150	-20372.7	-20284.87	-87.83148	0.04278753	0.160682	0.152748	0.163769	0.163509	0.187883	0.171409	0.01444427	0.264647	0.240601	0.251231	0.243521	17.21902	0.06612974
3200	-20374.85	-20284.81	-90.0302	0.04278753	0.160046	0.152143	0.16312	0.166821	0.187139	0.170731	0.03723023	0.260759	0.239049	0.258241	0.24195	17.43557	0.1884146
3250	-20376	-20290.12	-85.87641	0.04278753	0.15283	0.171546	0.159609	0.169032	0.183966	0.163017	0.009486915	0.256736	0.240949	0.248904	0.253411	18.21878	0.1230034
3300	-20372.29	-20286.04	-86.25132	0.04278753	0.150583	0.169023	0.158109	0.166547	0.185064	0.170674	0.001297598	0.251962	0.242497	0.250503	0.255038	17.73663	0.1447931
3350	-20376.23	-20289.74	-86.48329	0.04278753	0.154193	0.151872	0.16724	0.171065	0.180327	0.175303	0.01771628	0.257128	0.242931	0.256092	0.243849	16.94608	0.107705
3400	-20374.28	-20287.35	-86.93611	0.04278753	0.170145	0.151526	0.159826	0.16368	0.179917	0.174904	0.02868574	0.260128	0.231948	0.251883	0.25604	17.70786	0.09405744
3450	-20376.69	-20289.59	-87.10026	0.04278753	0.16374	0.156156	0.161097	0.176773	0.182573	0.159661	0.0192995	0.256293	0.241803	0.24336	0.258543	17.91282	0.1548421
3500	-20380.12	-20294.66	-85.4617	0.04278753	0.168575	0.160767	0.165854	0.152464	0.187964	0.164376	0.005017699	0.255088	0.228345	0.263215	0.253353	18.1167	0.1334963
3550	-20376.42	-20290.95	-85.47015	0.04278753	0.171431	0.147067	0.168665	0.163299	0.191149	0.158389	0.002993854	0.246768	0.238944	0.251792	0.262495	17.52306	0.1222651
3600	-20371.72	-20286.36	-85.35611	0.04278753	0.156015	0.160162	0.164465	0.16465	0.18639	0.168318	0.003671179	0.270449	0.232012	0.244487	0.253051	17.62928	0.09138979
3650	-20374.46	-20289.55	-84.91052	0.04278753	0.164876	0.153824	0.167401	0.170836	0.181404	0.161658	0.0006979056	0.253634	0.243556	0.254862	0.247948	17.81987	0.09431084
3700	-20374.73	-20286.45	-88.27874	0.04278753	0.1596	0.148901	0.162044	0.165368	0.188127	0.175959	0.0005988466	0.261781	0.240898	0.25208	0.245242	17.42843	0.1650036
3750	-20373.3	-20285.17	-88.12609	0.04278753	0.161199	0.148621	0.161739	0.155591	0.197222	0.175628	0.02614331	0.268638	0.238045	0.254151	0.239166	16.43965	0.143047
3800	-20386.32	-20299.81	-86.51342	0.04278753	0.160939	0.148381	0.171893	0.15534	0.188103	0.175345	0.05023962	0.255843	0.248806	0.249014	0.246337	18.50866	0.1254237
3850	-20377.54	-20291.59	-85.94565	0.04278753	0.167316	0.161393	0.168481	0.156275	0.184369	0.162166	0.005692133	0.256358	0.247295	0.249515	0.246832	17.43777	0.08914318
3900	-20373.29	-20287.3	-85.98701	0.04278753	0.172246	0.166148	0.152701	0.16088	0.181081	0.166944	0.002960558	0.262488	0.237891	0.251161	0.24846	17.41036	0.119308
3950	-20373.65	-20287.03	-86.6211	0.04278753	0.156141	0.165998	0.170894	0.152176	0.187463	0.16733	0.006453737	0.250708	0.240303	0.259081	0.249907	17.54119	0.07119573
4000	-20379.89	-20293.68	-86.20257	0.04278753	0.162229	0.144672	0.183254	0.157738	0.17866	0.173446	0.002291144	0.262436	0.245186	0.262676	0.229702	17.4282	0.07695236
4050	-20372.35	-20286.77	-85.57885	0.04278753	0.163392	0.163853	0.159297	0.15887	0.185347	0.169241	0.002240277	0.249961	0.241872	0.247011	0.261155	17.3674	0.09304046
4100	-20369.36	-20284.05	-85.3074	0.04278753	0.166083	0.146373	0.160432	0.163117	0.19722	0.166775	6.550706e-05	0.265017	0.238944	0.255034	0.241005	17.8032	0.08172259
4150	-20376.15	-20290.91	-85.24004	0.04278753	0.158565	0.155522	0.149914	0.177649	0.181661	0.176688	0.0008229318	0.260789	0.234584	0.250966	0.253661	17.05887	0.09995964
4200	-20370.58	-20285.51	-85.07032	0.04278753	0.163297	0.152348	0.16021	0.167945	0.187911	0.168289	0.0002503411	0.259579	0.24323	0.247268	0.249923	17.32367	0.1098902
4250	-20370.95	-20286.14	-84.80919	0.04278753	0.172664	0.151551	0.152953	0.168726	0.17951	0.174597	0.001061189	0.26007	0.24369	0.245843	0.250396	18.00441	0.09759929
4300	-20378.54	-20293.63	-84.91263	0.04278753	0.172293	0.152387	0.153797	0.170123	0.180423	0.170975	0.005802619	0.265868	0.23845	0.255832	0.23985	18.19256	0.1100315
4350	-20367.69	-20281.11	-86.57513	0.04278753	0.169129	0.159443	0.159678	0.164205	0.178445	0.1691	0.02148188	0.251068	0.242361	0.249101	0.25747	17.24417	0.1093041
4400	-20380.48	-20293.28	-87.2011	0.04278753	0.163631	0.16977	0.169529	0.143225	0.173718	0.180127	0.01048898	0.254204	0.247543	0.256136	0.242117	16.90627	0.1319291
4450	-20369.03	-20282.81	-86.21815	0.04278753	0.159609	0.155868	0.165361	0.150001	0.193463	0.175699	0.001195709	0.256626	0.240275	0.258577	0.244522	17.43784	0.1371106
4500	-20370.53	-20284.85	-85.67522	0.04278753	0.152887	0.158556	0.178095	0.150646	0.188565	0.171251	0.004331188	0.250147	0.255685	0.259103	0.235065	17.26914	0.1077912
4550	-20374.06	-20288.32	-85.73778	0.04278753	0.157388	0.155843	0.183338	0.153649	0.182286	0.167497	0.0183857	0.248971	0.254484	0.259081	0.237463	17.57344	0.1138333
4600	-20371.23	-20284.47	-86.75252	0.04278753	0.171206	0.157511	0.164594	0.162047	0.184238	0.160404	0.0129918	0.247646	0.24916	0.258253	0.244941	17.47963	0.07524337
4650	-20373.25	-20286.29	-86.96213	0.04278753	0.15418	0.166084	0.155102	0.154816	0.194265	0.175553	0.01054759	0.257843	0.253374	0.248271	0.240512	16.76113	0.1277878
4700	-20375.27	-20288.88	-86.39061	0.04278753	0.151739	0.162735	0.175876	0.154919	0.190718	0.164013	0.01408211	0.262504	0.243134	0.252758	0.241604	17.98299	0.07265543
4750	-20369.38	-20282.92	-86.46048	0.04278753	0.168817	0.16417	0.167418	0.154498	0.183672	0.161425	0.008481731	0.250363	0.247136	0.256919	0.245582	17.05441	0.08385154
4800	-20369.58	-20282.94	-86.63195	0.04278753	0.157622	0.16915	0.170329	0.147335	0.189243	0.166321	0.01286975	0.248978	0.247593	0.257394	0.246035	16.85936	0.1078495
4850	-20377.97	-20291.13	-86.84043	0.04278753	0.156928	0.151989	0.169579	0.153452	0.18841	0.179641	0.009662014	0.253617	0.248856	0.263868	0.233659	18.60932	0.06163939
4900	-20381.32	-20294.31	-87.01195	0.04278753	0.162708	0.141028	0.175825	0.139215	0.187709	0.193516	0.02997031	0.253563	0.248874	0.263887	0.233676	17.4643	0.1010865
4950	-20384.31	-20297.66	-86.65117	0.04278753	0.132696	0.150425	0.192022	0.15204	0.192583	0.180235	0.02881722	0.258169	0.25762	0.254697	0.229514	18.40953	0.08704461
5000	-20381.03	-20296	-85.02758	0.04278753	0.166872	0.155401	0.16404	0.153912	0.177312	0.182464	0.02178227	0.261283	0.248667	0.257768	0.232282	18.64616	0.1010944
5050	-20374.15	-20289	-85.14997	0.04278753	0.171346	0.152694	0.15684	0.153927	0.195007	0.170186	0.001026518	0.254962	0.241549	0.251447	0.252042	17.8348	0.1207141
5100	-20374.99	-20288.19	-86.80274	0.04278753	0.157131	0.165224	0.160037	0.162127	0.190136	0.165344	0.01352694	0.253002	0.23861	0.259414	0.248975	17.13857	0.1430297
5150	-20373.26	-20286.33	-86.93385	0.04278753	0.171416	0.165438	0.168928	0.157269	0.18343	0.153519	0.01532743	0.253163	0.238122	0.25958	0.249134	17.35839	0.08135466
5200	-20383.51	-20295	-88.50656	0.04278753	0.159294	0.149476	0.178419	0.156931	0.193735	0.162144	0.01565051	0.265028	0.245063	0.243235	0.246674	17.9547	0.05728978
5250	-20372.67	-20287.17	-85.50042	0.04278753	0.174648	0.154886	0.157089	0.166239	0.190773	0.156366	0.007586758	0.250903	0.235379	0.260367	0.253351	17.95149	0.0864017
5300	-20377.54	-20291.18	-86.36004	0.04278753	0.15544	0.172329	0.170835	0.152941	0.188372	0.160082	0.009761388	0.239908	0.244623	0.270418	0.245051	17.08263	0.0857412
5350	-20381.91	-20295.54	-86.37606	0.04278753	0.162996	0.157045	0.170574	0.145847	0.212673	0.150864	0.01254742	0.261727	0.241252	0.266691	0.230329	17.34638	0.1202807
5400	-20375.55	-20284.7	-90.85164	0.04278753	0.160309	0.154456	0.167042	0.168831	0.189085	0.160278	0.1087415	0.254466	0.240304	0.257299	0.24793	17.79775	0.1797603
5450	-20372.48	-20286.63	-85.84915	0.04278753	0.159236	0.153421	0.177434	0.151848	0.187819	0.170242	0.006766415	0.255488	0.251312	0.25373	0.23947	17.68711	0.1382028
5500	-20375.5	-20290.42	-85.08164	0.04278753	0.160207	0.159963	0.160974	0.172068	0.16711	0.179677	0.0003729199	0.2512	0.250978	0.251525	0.246297	17.43128	0.1001382
5550	-20371.01	-20284.16	-86.84922	0.04278753	0.146442	0.155582	0.173697	0.151374	0.196796	0.176109	0.007338061	0.260936	0.246365	0.249867	0.242832	17.93734	0.06467842
5600	-20376.81	-20288.63	-88.18169	0.04278753	0.15504	0.150441	0.183896	0.146216	0.187543	0.176864	0.005514128	0.256223	0.247871	0.252329	0.243578	17.29115	0.05729571
5650	-20375.05	-20286.7	-88.34782	0.04278753	0.159029	0.153768	0.172493	0.155481	0.189825	0.169403	0.009914329	0.261487	0.244568	0.25604	0.237905	17.15722	0.1642946
5700	-20372.97	-20286.58	-86.38992	0.04278753	0.15609	0.151008	0.174098	0.15868	0.177771	0.182354	0.004957921	0.256713	0.255311	0.252701	0.235274	16.85202	0.1170934
5750	-20377.82	-20291.69	-86.1381	0.04278753	0.173515	0.150402	0.161438	0.165174	0.187011	0.16246	0.01234756	0.26326	0.238072	0.250456	0.248213	17.58606	0.1062729
5800	-20372.71	-20284.08	-88.6266	0.04278753	0.155884	0.155231	0.166621	0.163082	0.191507	0.167676	0.04685822	0.258694	0.238622	0.262239	0.240445	16.72852	0.1545428
5850	-20381.48	-20292.71	-88.76124	0.04278753	0.158249	0.151315	0.166235	0.154437	0.19889	0.170875	0.05676433	0.259842	0.239681	0.258964	0.241513	17.12203	0.1444738
5900	-20377.57	-20290.54	-87.02834	0.04278753	0.162148	0.147179	0.158484	0.167931	0.198876	0.165382	0.02882613	0.265754	0.228286	0.253646	0.252313	18.48932	0.07490708
5950	-20373.46	-20288.02	-85.44589	0.04278753	0.163108	0.145872	0.156812	0.174277	0.195498	0.164432	0.0009583575	0.264478	0.233464	0.249346	0.252712	17.45582	0.1123408
6000	-20378.96	-20292.44	-86.51881	0.04278753	0.151715	0.153705	0.168621	0.164039	0.198251	0.16367	0.008004277	0.260234	0.236335	0.257794	0.245637	16.84213	0.08008752
6050	-20378.58	-20293.15	-85.42658	0.04278753	0.152331	0.155193	0.169015	0.165627	0.201193	0.15664	0.00726567	0.260559	0.235018	0.258302	0.246121	17.38142	0.1013822
6100	-20379.12	-20293.42	-85.7013	0.04278753	0.158271	0.167617	0.158319	0.15733	0.194381	0.164083	0.02128191	0.249987	0.247856	0.247822	0.254335	18.22236	0.1085155
6150	-20371.81	-20285.55	-86.25919	0.04278753	0.165952	0.153733	0.158046	0.164602	0.193949	0.163718	0.001837816	0.260688	0.240809	0.244429	0.254075	16.71281	0.1119443
6200	-20368.51	-20282.49	-86.0274	0.04278753	0.174845	0.15907	0.159016	0.163681	0.178924	0.164464	0.001695853	0.262183	0.234852	0.255219	0.247747	16.8458	0.1084066
6250	-20373.71	-20288.37	-85.34019	0.04278753	0.159935	0.146651	0.156523	0.157101	0.195608	0.184183	0.004453346	0.259981	0.25288	0.253076	0.234062	17.6237	0.08575354
6300	-20375.58	-20287.94	-87.6326	0.04278753	0.151353	0.146984	0.172092	0.157458	0.196053	0.176061	0.02243704	0.256878	0.24428	0.25869	0.240152	16.89458	0.09080495
6350	-20374.01	-20287.79	-86.21302	0.04278753	0.160536	0.148377	0.168514	0.165586	0.176695	0.180292	0.002369802	0.259984	0.247233	0.249728	0.243055	16.92867	0.1209101
6400	-20373.34	-20286.12	-87.22182	0.04278753	0.156051	0.160171	0.157996	0.152012	0.194298	0.179472	0.002398353	0.260757	0.241548	0.252217	0.245478	16.57418	0.07257492
6450	-20376.05	-20287.54	-88.50393	0.04278753	0.143239	0.158605	0.167587	0.171415	0.181599	0.177554	0.03880439	0.265781	0.247845	0.243677	0.242698	17.04196	0.1561282
6500	-20377.82	-20288.12	-89.7013	0.04278753	0.142662	0.148077	0.166911	0.17071	0.194801	0.176839	0.04711171	0.269908	0.232735	0.253021	0.244336	17.22495	0.1839771
6550	-20371.24	-20283.73	-87.51306	0.04278753	0.161133	0.150459	0.168824	0.158803	0.19585	0.164931	0.02560572	0.269652	0.232514	0.25373	0.244105	16.81774	0.08971242
6600	-20376.87	-20289.59	-87.27655	0.04278753	0.150317	0.152993	0.160351	0.150833	0.211124	0.174382	0.01875557	0.261629	0.242408	0.255583	0.24038	17.38561	0.1468217
6650	-20374.13	-20286.12	-88.01252	0.04278753	0.160997	0.138908	0.16479	0.165723	0.191457	0.178125	0.01209901	0.2637	0.239983	0.255075	0.241242	16.7324	0.1585242
6700	-20371.89	-20283.43	-88.45927	0.04278753	0.160951	0.153014	0.156402	0.174443	0.189141	0.16605	0.05813895	0.269131	0.23762	0.252564	0.240685	17.05414	0.1435725
6750	-20370.27	-20283.12	-87.14741	0.04278753	0.161722	0.153747	0.157151	0.164157	0.196623	0.166601	0.01084563	0.263181	0.239318	0.252282	0.245218	16.17328	0.1043866
6800	-20379.05	-20289.72	-89.33427	0.04278753	0.154442	0.154263	0.178804	0.148138	0.188133	0.17622	0.0744175	0.249979	0.251882	0.257999	0.24014	17.85869	0.163674
6850	-20375.4	-20287.67	-87.73778	0.04278753	0.158422	0.163172	0.156478	0.156542	0.179565	0.185821	0.03037576	0.256736	0.25252	0.248829	0.241915	17.09909	0.1435758
6900	-20375.39	-20289.54	-85.85164	0.04278753	0.161368	0.148111	0.159366	0.159453	0.182699	0.189002	0.003480562	0.266856	0.23165	0.260324	0.241169	16.88518	0.09934914
6950	-20372.92	-20285.18	-87.73498	0.04278753	0.151711	0.144065	0.168405	0.170598	0.187529	0.177692	0.03965996	0.264747	0.236613	0.258267	0.240374	16.98036	0.141781
7000	-20376.11	-20287.48	-88.62626	0.04278753	0.158212	0.148513	0.16043	0.16252	0.198228	0.172098	0.04495399	0.267002	0.239681	0.250896	0.242421	17.60089	0.1475306
7050	-20376.03	-20288.84	-87.19692	0.04278753	0.160171	0.150747	0.160112	0.15474	0.200716	0.173514	0.02446342	0.268173	0.240733	0.247609	0.243485	17.13882	0.08953146
7100	-20381.94	-20294.88	-87.0624	0.04278753	0.151882	0.16281	0.141409	0.172803	0.197821	0.173276	0.00601645	0.266678	0.234174	0.249004	0.250144	17.39865	0.06542164
7150	-20370.67	-20285.27	-85.39526	0.04278753	0.154397	0.154612	0.161981	0.162999	0.189865	0.176146	0.006123416	0.258306	0.253778	0.249748	0.238168	17.90651	0.0864568
7200	-20376.76	-20289.73	-87.03654	0.04278753	0.155754	0.154238	0.165152	0.16838	0.184919	0.171557	0.01167364	0.264921	0.241219	0.25201	0.241849	17.08289	0.1293413
7250	-20369.98	-20284.25	-85.73233	0.04278753	0.15787	0.15636	0.162314	0.162075	0.187463	0.173918	0.01289821	0.25738	0.243243	0.25761	0.241766	17.49444	0.1049412
7300	-20383.56	-20296.58	-86.98527	0.04278753	0.151019	0.146958	0.178956	0.148704	0.205279	0.169083	0.01076771	0.25905	0.242873	0.257218	0.240859	16.97063	0.1295433
7350	-20376.36	-20290.28	-86.08255	0.04278753	0.163136	0.156818	0.179121	0.14884	0.190363	0.161722	0.004072474	0.249407	0.249822	0.26572	0.235051	17.06861	0.1137936
7400	-20378.77	-20293.12	-85.64233	0.04278753	0.161668	0.155407	0.176413	0.146629	0.18865	0.171234	0.009373124	0.25665	0.238938	0.257579	0.246833	17.94883	0.1180727
7450	-20377.85	-20289	-88.85263	0.04278753	0.164956	0.15977	0.16948	0.169256	0.176015	0.160524	0.02294564	0.254449	0.234311	0.250329	0.260911	17.91038	0.1813007
7500	-20372.79	-20286.88	-85.91641	0.04278753	0.165155	0.157825	0.168886	0.172774	0.175398	0.159962	0.003440407	0.255439	0.235528	0.247107	0.261926	17.40561	0.1307625
7550	-20373	-20288.19	-84.81572	0.04278753	0.160853	0.159195	0.178492	0.163188	0.176921	0.16135	0.01078634	0.248553	0.249884	0.257151	0.244412	18.29285	0.09932329
7600	-20386.71	-20296.62	-90.08799	0.04278753	0.164338	0.160352	0.174294	0.169693	0.16354	0.167782	0.05478653	0.243719	0.247975	0.245881	0.262425	17.04359	0.1866699
7650	-20372.34	-20286.26	-86.08313	0.04278753	0.167893	0.156208	0.159345	0.162905	0.190204	0.163446	0.02124761	0.270019	0.233173	0.258588	0.238221	17.85611	0.1145358
7700	-20378.04	-20290.4	-87.6336	0.04278753	0.16361	0.162768	0.154704	0.158161	0.184665	0.176093	0.03204976	0.254418	0.253335	0.254531	0.237716	17.06607	0.1301092
7750	-20374.46	-20286.13	-88.33843	0.04278753	0.150217	0.154408	0.178314	0.150038	0.190018	0.177005	0.05171621	0.250354	0.253155	0.254774	0.241717	17.35466	0.1108872
7800	-20381.46	-20293.99	-87.47432	0.04278753	0.152545	0.159625	0.181078	0.147075	0.202887	0.156789	0.04998519	0.25471	0.246368	0.253796	0.245126	17.66465	0.1313306
7850	-20378.32	-20286.23	-92.08715	0.04278753	0.157869	0.157108	0.174013	0.145993	0.193746	0.17127	0.1171486	0.262436	0.246048	0.253467	0.238049	17.00853	0.1914112
7900	-20376.7	-20290.9	-85.79155	0.04278753	0.162118	0.154948	0.172055	0.151106	0.193611	0.166163	0.01226942	0.245284	0.252118	0.259973	0.242625	18.44093	0.1292649
7950	-20374.01	-20288.14	-85.87597	0.04278753	0.162844	0.155917	0.176049	0.141831	0.1868	0.176558	0.008563271	0.246005	0.256248	0.261653	0.236094	17.43745	0.08845498
8000	-20374.07	-20287.73	-86.34248	0.04278753	0.149744	0.15046	0.167421	0.157209	0.203631	0.171535	0.0003970994	0.2592	0.237734	0.260134	0.242932	16.71212	0.1266992
8050	-20371.64	-20285.66	-85.97872	0.04278753	0.150148	0.150865	0.176489	0.157632	0.196554	0.168312	0.01030218	0.254447	0.247787	0.256262	0.241505	17.12633	0.1006039
8100	-20376.05	-20290.98	-85.06807	0.04278753	0.152049	0.158594	0.167276	0.170027	0.169299	0.182756	0.005579962	0.248543	0.259255	0.242234	0.249967	18.1068	0.101291
8150	-20383.7	-20294.68	-89.01289	0.04278753	0.160863	0.162885	0.142407	0.174627	0.186253	0.172965	0.07764005	0.267261	0.229316	0.245003	0.25842	17.9948	0.1396392
8200	-20376.15	-20289.44	-86.71436	0.04278753	0.161696	0.164134	0.143373	0.176269	0.191288	0.16324	0.02145685	0.261231	0.243031	0.244802	0.250936	17.48114	0.1280712
8250	-20374.2	-20288.69	-85.50302	0.04278753	0.166784	0.163335	0.152932	0.170392	0.190356	0.156201	0.008404235	0.259289	0.244868	0.246652	0.24919	17.67804	0.08743054
8300	-20374.66	-20287.64	-87.02779	0.04278753	0.166283	0.159908	0.162457	0.149872	0.182861	0.17862	0.0288604	0.260212	0.240316	0.255699	0.243773	17.36715	0.1319248
8350	-20376.98	-20288.47	-88.50804	0.04278753	0.170957	0.165238	0.165847	0.157691	0.173302	0.166966	0.05563205	0.254793	0.235289	0.256457	0.253461	17.53092	0.1535893
8400	-20375.48	-20288.94	-86.54149	0.04278753	0.168667	0.163398	0.169437	0.146872	0.186896	0.16473	0.007289955	0.259564	0.233117	0.255968	0.25135	16.99118	0.08644758
8450	-20367.14	-20280.64	-86.49868	0.04278753	0.155386	0.154088	0.168063	0.158194	0.194524	0.169745	0.02280873	0.259436	0.243952	0.250048	0.246564	17.53316	0.09073838
8500	-20376.33	-20287.86	-88.47779	0.04278753	0.170902	0.156874	0.162305	0.161053	0.171931	0.176935	0.02472201	0.257679	0.239376	0.247165	0.25578	17.82466	0.1665561
8550	-20379.43	-20291.22	-88.20866	0.04278753	0.16645	0.155309	0.163499	0.16395	0.180182	0.17061	0.03740484	0.247481	0.255539	0.253015	0.243964	17.85904	0.1652375
8600	-20375.55	-20284.75	-90.80071	0.04278753	0.153027	0.161355	0.165406	0.165325	0.182285	0.172601	0.09961041	0.26107	0.246111	0.249464	0.243354	17.66254	0.1676699
8650	-20371.04	-20285.49	-85.5551	0.04278753	0.152051	0.158472	0.164351	0.167084	0.181122	0.17692	0.005707619	0.260939	0.24154	0.249338	0.248182	17.57564	0.1078026
8700	-20372.98	-20286.09	-86.89917	0.04278753	0.16031	0.171166	0.152028	0.152468	0.184149	0.179878	0.02715073	0.255578	0.241244	0.251805	0.251373	17.10049	0.1289222
8750	-20372.8	-20286.71	-86.08681	0.04278753	0.161854	0.171825	0.152592	0.171325	0.180857	0.161549	0.003950863	0.259024	0.24212	0.24657	0.252286	16.9977	0.1123537
8800	-20380.08	-20287.86	-92.22601	0.04278753	0.157573	0.157085	0.171274	0.167338	0.176648	0.170082	0.06897126	0.258383	0.24152	0.248437	0.251661	16.66029	0.08293342
8850	-20377.8	-20292.28	-85.51126	0.04278753	0.151561	0.153929	0.187947	0.148244	0.189417	0.168902	0.01168975	0.258952	0.242052	0.263239	0.235758	18.20748	0.08331233
8900	-20373.23	-20287.6	-85.63121	0.04278753	0.160693	0.146336	0.159012	0.154798	0.197598	0.181562	0.005305067	0.259746	0.241898	0.262901	0.235455	17.80507	0.1278591
8950	-20368.52	-20283.21	-85.3188	0.04278753	0.159972	0.162834	0.17616	0.144189	0.184055	0.17279	0.004970397	0.259028	0.246411	0.255734	0.238826	17.58377	0.1088441
9000	-20375.52	-20288.04	-87.47459	0.04278753	0.172198	0.147097	0.163797	0.162217	0.179787	0.174903	0.04717244	0.257343	0.246771	0.25642	0.239466	17.64116	0.1346246
9050	-20371.97	-20285.8	-86.16643	0.04278753	0.160995	0.148403	0.183338	0.149423	0.181383	0.176457	0.0004093002	0.253146	0.259255	0.254828	0.232771	17.46566	0.1359372
9100	-20378.54	-20293.01	-85.53283	0.04278753	0.158181	0.164661	0.164291	0.135827	0.196536	0.180504	0.005726295	0.251039	0.254188	0.260784	0.233989	17.67385	0.08343658
9150	-20378.88	-20291.27	-87.61361	0.04278753	0.150314	0.156472	0.168517	0.15519	0.186761	0.182746	0.03042121	0.257067	0.26127	0.240692	0.24097	17.67216	0.08229741
9200	-20384.25	-20297.6	-86.64639	0.04278753	0.160776	0.174323	0.176352	0.136729	0.192222	0.159599	0.02018529	0.249669	0.251113	0.265184	0.234035	17.07236	0.1141962
9250	-20371.16	-20286.14	-85.02278	0.04278753	0.171525	0.143449	0.159081	0.16455	0.188891	0.172504	0.008822382	0.260304	0.239391	0.255818	0.244487	18.09492	0.1026941
9300	-20372.19	-20285.93	-86.26228	0.04278753	0.168356	0.140799	0.172899	0.161509	0.186727	0.169711	0.008903583	0.259647	0.240604	0.257283	0.242466	17.0127	0.1096299
9350	-20375.99	-20288.62	-87.37176	0.04278753	0.158977	0.152364	0.156191	0.176116	0.192849	0.163503	0.01809568	0.260326	0.231589	0.25941	0.248674	16.78821	0.08173817
9400	-20373.85	-20288.46	-85.39563	0.04278753	0.168231	0.147508	0.161696	0.171208	0.194201	0.157156	0.002380019	0.259902	0.230853	0.259597	0.249649	17.62103	0.1247579
9450	-20375.56	-20289.05	-86.51667	0.04278753	0.164451	0.162029	0.149498	0.170305	0.173116	0.180602	0.007619631	0.254829	0.242478	0.246078	0.256615	16.97089	0.0828626
9500	-20374.41	-20287.21	-87.20161	0.04278753	0.156327	0.159504	0.157226	0.167651	0.181505	0.177788	0.0007264445	0.263721	0.243608	0.247225	0.245446	17.65702	0.05757052
9550	-20372.53	-20287.47	-85.05968	0.04278753	0.154383	0.157773	0.165739	0.166267	0.186239	0.169599	0.01194122	0.263656	0.243547	0.247163	0.245634	17.84352	0.1020955
9600	-20373.79	-20286.71	-87.07988	0.04278753	0.158432	0.163659	0.174419	0.152085	0.184959	0.166447	0.01446811	0.258449	0.248534	0.248331	0.244686	17.09208	0.08214328
9650	-20374.3	-20288.18	-86.1141	0.04278753	0.159829	0.15265	0.166722	0.16404	0.179099	0.177659	0.02852446	0.271658	0.238253	0.250318	0.23977	17.96267	0.1118
9700	-20373.42	-20286.47	-86.95004	0.04278753	0.150472	0.155094	0.165054	0.165872	0.181099	0.182409	0.02734896	0.261383	0.2496	0.253806	0.235211	17.19369	0.137679
9750	-20384.28	-20298.93	-85.34755	0.04278753	0.150191	0.154804	0.164745	0.165561	0.184891	0.179808	0.01375204	0.272912	0.241598	0.253132	0.232358	17.46683	0.1044004
9800	-20373.35	-20287.81	-85.53554	0.04278753	0.153138	0.140721	0.159322	0.168866	0.203182	0.174773	0.007459406	0.274387	0.235443	0.2512	0.23897	17.36667	0.1067064
9850	-20377.71	-20292.55	-85.16506	0.04278753	0.155738	0.142731	0.164769	0.153407	0.206085	0.17727	0.002295037	0.277525	0.238135	0.250622	0.233718	17.74462	0.08004827
9900	-20374.18	-20286.81	-87.37482	0.04278753	0.163591	0.16765	0.16454	0.161143	0.177424	0.165652	0.001480855	0.24175	0.248923	0.249266	0.260062	16.13648	0.141724
9950	-20381.02	-20294	-87.02311	0.04278753	0.182245	0.167747	0.168293	0.151226	0.180241	0.150248	0.03543099	0.239264	0.236782	0.270118	0.253836	18.14166	0.1154554
10000	-20378.26	-20291.4	-86.86806	0.04278753	0.182071	0.159092	0.164886	0.151082	0.183009	0.15986	0.02622823	0.251916	0.232844	0.265626	0.249614	17.44544	0.1022436
10050	-20371.79	-20284.81	-86.98129	0.04278753	0.170526	0.151921	0.175234	0.156594	0.188826	0.156899	0.02700641	0.251814	0.240605	0.266237	0.241343	17.81886	0.08471897
10100	-20374.98	-20288.03	-86.95563	0.04278753	0.153901	0.145577	0.171093	0.167722	0.178617	0.183091	0.01155193	0.265474	0.250594	0.242797	0.241135	16.94023	0.1268494
10150	-20375.07	-20287.97	-87.10185	0.04278753	0.162796	0.146684	0.151356	0.176197	0.195406	0.167561	0.0168893	0.271111	0.23029	0.250156	0.248443	17.05563	0.1369421
10200	-20379.63	-20293.09	-86.54261	0.04278753	0.165696	0.146364	0.158248	0.164053	0.194538	0.1711	0.03130485	0.264215	0.244428	0.23558	0.255777	18.17392	0.108783
10250	-20374.86	-20288.25	-86.60696	0.04278753	0.142772	0.15457	0.154544	0.171829	0.191222	0.185063	0.02152938	0.262393	0.251645	0.237473	0.248489	17.08929	0.1129237
10300	-20372.48	-20285.85	-86.63235	0.04278753	0.154682	0.157715	0.162904	0.170579	0.18873	0.165391	0.001848506	0.259933	0.245723	0.241998	0.252346	16.91849	0.1361011
10350	-20377.9	-20289.47	-88.42644	0.04278753	0.167591	0.143719	0.148523	0.180055	0.189186	0.170926	0.04195209	0.263107	0.224758	0.255248	0.256887	17.0892	0.154364
10400	-20374.9	-20288.02	-86.88128	0.04278753	0.155454	0.14902	0.15241	0.159757	0.19821	0.185148	0.01742022	0.27126	0.232782	0.255188	0.24077	17.11366	0.08957635
10450	-20376.72	-20290.13	-86.5907	0.04278753	0.157888	0.14564	0.174067	0.160357	0.17854	0.183507	0.009250512	0.262059	0.24525	0.251519	0.241173	17.12972	0.07603781
10500	-20375.45	-20289.97	-85.48139	0.04278753	0.148176	0.147126	0.157486	0.165428	0.194384	0.1874	0.01153003	0.27149	0.243762	0.241719	0.243029	17.85785	0.08928094
10550	-20374.76	-20289.23	-85.52927	0.04278753	0.16586	0.152546	0.171872	0.155349	0.182743	0.171629	0.002145989	0.25621	0.237207	0.265633	0.24095	17.84333	0.1199222
10600	-20374.34	-20288.55	-85.78883	0.04278753	0.158995	0.152031	0.175255	0.157409	0.18773	0.16858	0.0003420753	0.256527	0.241558	0.256906	0.24501	17.2443	0.08860783
10650	-20374.67	-20286.52	-88.14454	0.04278753	0.156656	0.157415	0.166617	0.161768	0.197623	0.159921	0.02034346	0.259049	0.244356	0.250585	0.24601	17.45593	0.1529597
10700	-20378.87	-20291.1	-87.76327	0.04278753	0.156399	0.150843	0.170769	0.15694	0.184849	0.180199	0.02845048	0.258832	0.239717	0.251653	0.249798	16.81103	0.09144762
10750	-20377.27	-20291.12	-86.15225	0.04278753	0.16193	0.150994	0.156739	0.157098	0.18085	0.192388	0.02033571	0.259463	0.24426	0.246002	0.250274	17.69481	0.1035084
10800	-20373.8	-20287.52	-86.27782	0.04278753	0.144365	0.168369	0.183467	0.159306	0.178981	0.165513	0.01876943	0.261221	0.247669	0.245676	0.245434	17.35153	0.1081789
10850	-20385.25	-20298.89	-86.36336	0.04278753	0.154139	0.15573	0.195706	0.153397	0.178734	0.162293	0.01342442	0.261551	0.243506	0.25535	0.239592	17.85275	0.1259639
10900	-20372.31	-20287.08	-85.22656	0.04278753	0.162026	0.163153	0.175574	0.159113	0.182027	0.158106	0.001522743	0.246754	0.250366	0.25408	0.2488	17.52602	0.09245701
10950	-20377.11	-20290.73	-86.37342	0.04278753	0.169254	0.16286	0.175091	0.16005	0.176275	0.15647	0.0006646827	0.246233	0.239488	0.264862	0.249416	17.39248	0.06913843
11000	-20379.17	-20292.11	-87.0582	0.04278753	0.169728	0.153359	0.178826	0.158984	0.183861	0.155242	0.04049798	0.237123	0.249021	0.264549	0.249308	18.30734	0.1506225
11050	-20377.98	-20290.78	-87.19357	0.04278753	0.15694	0.156023	0.178386	0.165123	0.182011	0.161517	0.005630004	0.255472	0.229887	0.264953	0.249688	16.99294	0.0708229
11100	-20374.67	-20289.17	-85.49934	0.04278753	0.163304	0.147848	0.164564	0.159399	0.205858	0.159028	0.004897154	0.255408	0.22886	0.269068	0.246664	17.52682	0.09778951
11150	-20373.99	-20285.74	-88.25457	0.04278753	0.15874	0.14964	0.166895	0.15502	0.192285	0.17742	0.026977	0.256956	0.244027	0.247839	0.251178	17.1753	0.1563107
11200	-20378.14	-20292.79	-85.34884	0.04278753	0.162929	0.153283	0.149831	0.169381	0.188294	0.176282	0.005243563	0.261413	0.246409	0.25282	0.239359	17.89966	0.1137535
11250	-20369.81	-20284.51	-85.29639	0.04278753	0.157844	0.147086	0.168795	0.154215	0.198923	0.173136	0.008320051	0.258546	0.24162	0.253028	0.246805	17.84278	0.09697391
11300	-20371.52	-20285.23	-86.2938	0.04278753	0.15286	0.144322	0.165623	0.157858	0.203868	0.17547	0.02775519	0.258001	0.244969	0.264695	0.232336	17.82765	0.1018388
11350	-20380.09	-20293.87	-86.21736	0.04278753	0.167862	0.142179	0.17207	0.159264	0.190863	0.167761	0.01579204	0.253296	0.240501	0.259004	0.247199	17.04772	0.1151801
11400	-20377.06	-20288.37	-88.68812	0.04278753	0.168475	0.14259	0.168875	0.158715	0.192971	0.168374	0.007594885	0.246339	0.237841	0.274844	0.240976	16.86635	0.1705338
11450	-20374	-20287.24	-86.75731	0.04278753	0.163134	0.158964	0.168298	0.145267	0.186762	0.177574	0.01220605	0.250449	0.238689	0.261161	0.249701	17.59519	0.07656031
11500	-20375.65	-20290.02	-85.63582	0.04278753	0.161108	0.161521	0.17111	0.172819	0.168086	0.165357	0.007306552	0.256981	0.241767	0.251966	0.249286	17.72508	0.0895533
11550	-20376.21	-20288.85	-87.35641	0.04278753	0.169844	0.163646	0.145861	0.170579	0.176468	0.173603	0.03070275	0.258571	0.239446	0.252026	0.249956	17.38243	0.1057865
11600	-20383.79	-20295.07	-88.71876	0.04278753	0.169162	0.161982	0.148731	0.175166	0.17312	0.171838	0.05801896	0.259315	0.242625	0.251738	0.246322	17.73734	0.1635967
11650	-20369.41	-20282.96	-86.45083	0.04278753	0.171472	0.154622	0.161489	0.161512	0.189123	0.161782	0.026754	0.259523	0.240257	0.246356	0.253864	17.50369	0.112928
11700	-20376.8	-20290.6	-86.19386	0.04278753	0.156654	0.161139	0.185655	0.161431	0.164532	0.170589	0.02842675	0.251969	0.249457	0.24988	0.248694	17.91253	0.1053006
11750	-20370.33	-20284.8	-85.5284	0.04278753	0.169964	0.163366	0.163019	0.15582	0.190845	0.156984	0.01374474	0.252092	0.2379	0.255273	0.254735	17.86122	0.09843207
11800	-20375.91	-20284.66	-91.2536	0.04278753	0.144383	0.164979	0.172983	0.147542	0.187509	0.182605	0.1059346	0.249286	0.254328	0.254949	0.241436	17.30984	0.152364
11850	-20380.73	-20291.78	-88.94631	0.04278753	0.15807	0.161003	0.163591	0.151681	0.186058	0.179598	0.07128895	0.250698	0.241275	0.247674	0.260353	17.55818	0.117469
11900	-20378.71	-20289.31	-89.40635	0.04278753	0.159333	0.158688	0.164541	0.145004	0.18949	0.182945	0.05682275	0.248412	0.24235	0.264692	0.244546	16.50467	0.1598836
11950	-20375.35	-20289.23	-86.12017	0.04278753	0.173329	0.15435	0.18078	0.156687	0.188293	0.146561	0.01699613	0.25097	0.234014	0.268506	0.246509	17.54019	0.09661324
12000	-20379.51	-20293.82	-85.69591	0.04278753	0.147891	0.160395	0.184856	0.146168	0.201736	0.158954	0.008552313	0.251971	0.234322	0.268939	0.244767	17.89012	0.09462822
12050	-20381.71	-20293.36	-88.35746	0.04278753	0.16883	0.164588	0.17384	0.153824	0.167794	0.171123	0.03138037	0.245641	0.250339	0.258477	0.245543	17.35573	0.07894595
12100	-20383.97	-20295.71	-88.25894	0.04278753	0.152051	0.152557	0.159681	0.165496	0.192818	0.177396	0.06822146	0.25649	0.243707	0.242444	0.257359	18.34576	0.1186443
12150	-20370.98	-20283.23	-87.74882	0.04278753	0.161168	0.158715	0.163252	0.143966	0.190112	0.182786	0.04164168	0.257174	0.24759	0.251847	0.243389	17.25569	0.1280581
12200	-20376.32	-20290.42	-85.90485	0.04278753	0.158973	0.146213	0.172082	0.159318	0.193318	0.170096	0.008434819	0.266278	0.242267	0.253664	0.237792	17.01077	0.1043348
12250	-20373.88	-20288.47	-85.41296	0.04278753	0.16035	0.147479	0.167859	0.166306	0.194992	0.163013	0.007478887	0.259233	0.246126	0.257214	0.237426	17.82559	0.09141836
12300	-20375.08	-20289.29	-85.79428	0.04278753	0.16164	0.14391	0.156708	0.159787	0.192709	0.185247	0.009671798	0.26479	0.238934	0.251009	0.245267	17.40173	0.1049707
12350	-20378.41	-20293.97	-84.44402	0.04278753	0.155565	0.153531	0.158817	0.175315	0.186791	0.169981	0.003204979	0.264993	0.239023	0.256365	0.239619	18.48661	0.1235441
12400	-20375.31	-20288.93	-86.3813	0.04278753	0.168886	0.160864	0.153403	0.154308	0.176321	0.186217	0.003060148	0.259651	0.248941	0.241151	0.250257	17.22194	0.1322406
12450	-20378.11	-20292.88	-85.23007	0.04278753	0.151077	0.155842	0.155199	0.164622	0.194658	0.178602	0.02459356	0.259171	0.249294	0.249275	0.24226	18.71339	0.1019611
12500	-20373.26	-20285.62	-87.64728	0.04278753	0.164808	0.158017	0.162824	0.154585	0.189229	0.170537	0.02390332	0.262908	0.246129	0.252853	0.23811	17.58806	0.1487408
12550	-20379.97	-20295.78	-84.18815	0.04278753	0.168456	0.165037	0.158485	0.154713	0.19884	0.154469	0.002880436	0.253954	0.240063	0.250788	0.255195	18.71568	0.1052177
12600	-20373.11	-20286.56	-86.55061	0.04278753	0.158489	0.147578	0.183125	0.156063	0.19507	0.159675	0.02913752	0.248312	0.237852	0.269259	0.244578	17.74729	0.1202146
12650	-20376.92	-20287.13	-89.79155	0.04278753	0.154888	0.163344	0.177137	0.169069	0.181109	0.154453	0.09238398	0.244857	0.24458	0.254481	0.256081	17.31544	0.1620453
12700	-20367.92	-20281.35	-86.56947	0.04278753	0.15341	0.153422	0.167461	0.163789	0.191575	0.170342	0.002691214	0.250467	0.243787	0.259853	0.245893	16.88646	0.1300864
12750	-20377.78	-20286.93	-90.85817	0.04278753	0.162525	0.148591	0.167841	0.154726	0.202957	0.16336	0.05692014	0.253512	0.238009	0.271222	0.237257	18.27497	0.2151688
12800	-20382.04	-20296.42	-85.61858	0.04278753	0.150483	0.152761	0.167773	0.143786	0.200711	0.184486	0.003327055	0.272031	0.234703	0.256586	0.23668	17.15263	0.1125771
12850	-20377.16	-20289.69	-87.47553	0.04278753	0.152037	0.156859	0.176901	0.151687	0.209167	0.153349	0.04529864	0.257085	0.237198	0.265477	0.24024	17.65058	0.125262
12900	-20373.93	-20288.14	-85.78244	0.04278753	0.163558	0.152958	0.181318	0.141549	0.19372	0.166897	0.01298521	0.244383	0.243941	0.272975	0.238701	17.39659	0.1024105
12950	-20376.1	-20289.55	-86.54803	0.04278753	0.152741	0.149967	0.164865	0.150909	0.202237	0.179283	0.001151374	0.255815	0.250649	0.257587	0.235948	17.0528	0.1130654
13000	-20385.02	-20295.9	-89.12465	0.04278753	0.16338	0.146265	0.172327	0.171867	0.179124	0.167038	0.05167941	0.252244	0.243976	0.252065	0.251715	16.93269	0.09719153
13050	-20372.95	-20287.16	-85.79298	0.04278753	0.157115	0.153897	0.160964	0.168276	0.175381	0.184368	0.00205537	0.262793	0.249904	0.242982	0.244322	16.721	0.0917195
13100	-20376.48	-20291.14	-85.34395	0.04278753	0.163894	0.157214	0.182177	0.152323	0.177503	0.16689	0.005036539	0.23949	0.23689	0.265462	0.258157	17.30858	0.1016812
13150	-20376.36	-20289.11	-87.25599	0.04278753	0.163264	0.15313	0.174908	0.153888	0.188433	0.166377	0.02441175	0.252546	0.244241	0.2585	0.244712	17.28806	0.09141768
13200	-20375.51	-20289.42	-86.09389	0.04278753	0.160138	0.169318	0.162101	0.155652	0.184661	0.16813	0.002378625	0.262044	0.245431	0.255482	0.237043	17.63071	0.1349261
13250	-20376.77	-20289.94	-86.82722	0.04278753	0.164706	0.141814	0.173005	0.146061	0.186954	0.18746	0.01765968	0.260561	0.231587	0.262355	0.245496	17.613	0.1348806
13300	-20380.57	-20290.36	-90.21052	0.04278753	0.158191	0.152753	0.161311	0.17642	0.179559	0.171766	0.07866606	0.2568	0.243063	0.247995	0.252142	17.59724	0.1103337
13350	-20372.53	-20287.16	-85.37476	0.04278753	0.153712	0.155568	0.159508	0.171654	0.193321	0.166238	0.003786182	0.252271	0.24475	0.249087	0.253892	17.71889	0.09130697
13400	-20377.74	-20291.49	-86.24634	0.04278753	0.16355	0.154297	0.17684	0.166263	0.181113	0.157938	0.02076971	0.247365	0.246592	0.258003	0.24804	17.67659	0.09773977
13450	-20375.74	-20288.3	-87.43973	0.04278753	0.166911	0.162092	0.156652	0.155409	0.188091	0.170845	0.03736603	0.255051	0.24472	0.241878	0.25835	17.41505	0.1058958
13500	-20376.74	-20289.48	-87.25305	0.04278753	0.173734	0.170779	0.147117	0.159461	0.178723	0.170187	0.03318655	0.251675	0.233232	0.26024	0.254852	17.05571	0.1141514
13550	-20369.91	-20282.86	-87.05008	0.04278753	0.154073	0.155881	0.173755	0.162954	0.182197	0.17114	0.03484989	0.258193	0.248653	0.248875	0.244279	17.55673	0.1032337
13600	-20374.64	-20284.89	-89.74478	0.04278753	0.145623	0.149972	0.161272	0.164809	0.210709	0.167615	0.01624364	0.26439	0.237387	0.26187	0.236353	16.86296	0.1767762
13650	-20372.53	-20285.48	-87.04938	0.04278753	0.170378	0.152527	0.163414	0.161926	0.181914	0.169841	0.02495053	0.257371	0.231993	0.263537	0.247099	17.07699	0.1178642
13700	-20372.35	-20286.68	-85.67017	0.04278753	0.159772	0.162573	0.168295	0.155942	0.185609	0.167809	0.006327091	0.252162	0.238062	0.263536	0.246239	17.13597	0.1088335
13750	-20375.59	-20289.72	-85.87177	0.04278753	0.165507	0.154771	0.168635	0.153321	0.185222	0.172542	0.01908344	0.257997	0.236785	0.261924	0.243294	17.87512	0.1120595
13800	-20371.78	-20285.53	-86.24769	0.04278753	0.161994	0.151883	0.162921	0.15681	0.192683	0.17371	0.01360336	0.250079	0.245179	0.263837	0.240905	17.47962	0.1158813
13850	-20384.24	-20296.5	-87.73408	0.04278753	0.153094	0.150269	0.174	0.145114	0.189539	0.187984	0.01102943	0.257828	0.244568	0.260106	0.237498	16.90979	0.1569973
13900	-20373.12	-20284.63	-88.48845	0.04278753	0.169185	0.151133	0.159345	0.165856	0.18674	0.167742	0.03815971	0.26085	0.229462	0.259383	0.250304	17.48852	0.08267745
13950	-20377.02	-20291.02	-85.99509	0.04278753	0.161025	0.15182	0.158244	0.159	0.185777	0.184134	0.002830809	0.264773	0.247032	0.252932	0.235263	17.02856	0.1100675
14000	-20371.13	-20282.85	-88.28167	0.04278753	0.156784	0.148095	0.156224	0.166362	0.191997	0.180538	0.01193875	0.265711	0.242745	0.248754	0.242791	17.00624	0.1592588
14050	-20372.74	-20283.7	-89.03699	0.04278753	0.158883	0.146868	0.166929	0.160517	0.185252	0.181551	0.0380352	0.260753	0.246112	0.253935	0.2392	17.35597	0.07881173
14100	-20378.25	-20291.35	-86.90466	0.04278753	0.144384	0.163252	0.180502	0.150517	0.198155	0.163191	0.02661716	0.262067	0.245102	0.252915	0.239917	17.39806	0.1187771
14150	-20374.75	-20287.96	-86.79541	0.04278753	0.160636	0.145549	0.16053	0.152898	0.189426	0.19096	0.01636063	0.263512	0.248068	0.251767	0.236652	16.83787	0.1195916
14200	-20369.87	-20284.43	-85.4441	0.04278753	0.162247	0.170269	0.163635	0.160024	0.177915	0.16591	0.005159492	0.258065	0.247444	0.246384	0.248107	17.62083	0.09776438
14250	-20378.13	-20288.22	-89.9131	0.04278753	0.168783	0.160115	0.177499	0.13916	0.188558	0.165886	0.05958052	0.248964	0.246123	0.255904	0.249009	18.07609	0.189616
14300	-20373.93	-20289.42	-84.51205	0.04278753	0.143766	0.157361	0.175604	0.158942	0.190351	0.173976	0.003041978	0.255789	0.248346	0.248781	0.247084	18.34185	0.09956765
14350	-20367.76	-20282.47	-85.28761	0.04278753	0.157218	0.166601	0.158055	0.161136	0.185404	0.171587	0.007563564	0.253292	0.245017	0.249233	0.252458	17.81249	0.1099729
14400	-20375.94	-20289.09	-86.84673	0.04278753	0.169149	0.150739	0.174964	0.163758	0.177534	0.163856	0.005103142	0.258997	0.245342	0.244229	0.251432	16.98811	0.1338734
14450	-20376.7	-20289.78	-86.92255	0.04278753	0.160282	0.14624	0.169573	0.168365	0.190209	0.165332	0.0492488	0.271968	0.233458	0.258889	0.235685	18.14576	0.1081074
14500	-20374.87	-20286.36	-88.50538	0.04278753	0.161012	0.140874	0.163361	0.17176	0.204728	0.158265	0.003545394	0.258018	0.236657	0.25627	0.249055	17.03737	0.1650686
14550	-20376.19	-20289.93	-86.2588	0.04278753	0.15906	0.138698	0.176882	0.157325	0.187523	0.180513	0.009856943	0.269577	0.245869	0.248099	0.236455	16.83757	0.1131612
14600	-20380.26	-20294.92	-85.34077	0.04278753	0.157827	0.1461	0.173051	0.148537	0.187435	0.187049	0.0113116	0.258712	0.253268	0.245206	0.242814	18.85287	0.07995674
14650	-20382.26	-20296.73	-85.52479	0.04278753	0.168355	0.158063	0.169359	0.157271	0.185418	0.161534	0.01184985	0.252461	0.239663	0.254339	0.253537	17.90246	0.1075434
14700	-20377.54	-20291.86	-85.6778	0.04278753	0.177332	0.164554	0.167638	0.150492	0.183349	0.156635	0.006693143	0.243207	0.245593	0.260354	0.250846	17.35657	0.09791678
14750	-20374.02	-20287.33	-86.69314	0.04278753	0.156099	0.154205	0.17735	0.152982	0.193655	0.165709	0.02273391	0.258541	0.239255	0.256045	0.246159	17.082	0.1073444
14800	-20376.02	-20290.86	-85.15901	0.04278753	0.163835	0.152216	0.179301	0.151018	0.185504	0.168125	0.00716211	0.241909	0.249662	0.271814	0.236616	17.92496	0.09832388
14850	-20372.24	-20286.04	-86.19991	0.04278753	0.147327	0.155524	0.167181	0.15591	0.200355	0.173702	0.01302521	0.261695	0.240991	0.261691	0.235623	17.24922	0.1149452
14900	-20378.86	-20291.08	-87.77534	0.04278753	0.178773	0.148736	0.167882	0.150709	0.182198	0.171702	0.02432082	0.258967	0.242036	0.259145	0.239852	17.04451	0.08450684
14950	-20380.4	-20291.51	-88.89786	0.04278753	0.16853	0.148468	0.163982	0.157998	0.190929	0.170092	0.03621736	0.275633	0.237584	0.250471	0.236312	17.3463	0.1712187
15000	-20376.14	-20289.99	-86.15566	0.04278753	0.150806	0.146338	0.177423	0.16305	0.191146	0.171237	0.01729129	0.253812	0.254021	0.251435	0.240731	17.89677	0.1274086
15050	-20374	-20286.18	-87.82151	0.04278753	0.158932	0.138204	0.168636	0.160213	0.199041	0.174973	0.0379021	0.259289	0.240002	0.259193	0.241516	17.18822	0.1472602
15100	-20380.08	-20292.29	-87.78902	0.04278753	0.159673	0.153416	0.166893	0.161737	0.192883	0.165398	0.03157408	0.261549	0.232771	0.251335	0.254344	16.61592	0.1307912
15150	-20379.64	-20293.12	-86.51682	0.04278753	0.15679	0.156823	0.157293	0.158456	0.192465	0.178173	0.008572806	0.259976	0.244452	0.255348	0.240224	16.62547	0.1227922
15200	-20379.83	-20294.7	-85.12421	0.04278753	0.159337	0.157819	0.140342	0.172358	0.191141	0.179004	0.01167886	0.269822	0.237624	0.240636	0.251919	17.89479	0.09966245
15250	-20377.33	-20291.47	-85.86295	0.04278753	0.162826	0.157653	0.163548	0.16255	0.185786	0.167637	0.006743239	0.247261	0.248642	0.252934	0.251163	17.77645	0.08054618
15300	-20374.8	-20289.28	-85.51971	0.04278753	0.16934	0.150204	0.177798	0.152999	0.194927	0.154732	0.001699091	0.258393	0.239991	0.267751	0.233864	17.4935	0.1064348
15350	-20377.23	-20291.23	-86.00607	0.04278753	0.168358	0.147644	0.166977	0.159406	0.188755	0.16886	0.0225185	0.267143	0.239502	0.256538	0.236817	18.48793	0.09075134
15400	-20377.29	-20288.58	-88.70814	0.04278753	0.16137	0.156114	0.179208	0.154273	0.18278	0.166256	0.0177363	0.25085	0.243123	0.258047	0.247981	16.79569	0.06674083
15450	-20379.8	-20291.83	-87.96423	0.04278753	0.155988	0.169161	0.167388	0.157695	0.181073	0.168696	0.01477032	0.246263	0.24936	0.248439	0.255939	17.11978	0.07223133
15500	-20377.17	-20288.01	-89.15526	0.04278753	0.153515	0.159294	0.16403	0.158894	0.180308	0.183961	0.04175532	0.268887	0.244721	0.248786	0.237605	16.94618	0.08685418
15550	-20371.14	-20284.2	-86.94064	0.04278753	0.160161	0.153591	0.172192	0.158287	0.19535	0.16042	0.03307041	0.255988	0.227757	0.268557	0.247698	17.61979	0.1217014
15600	-20375.74	-20290.71	-85.03278	0.04278753	0.15488	0.161849	0.165108	0.165474	0.198224	0.154465	0.0004211967	0.254403	0.237088	0.257016	0.251493	17.48875	0.1064002
15650	-20379.53	-20293.2	-86.32829	0.04278753	0.176116	0.170243	0.15211	0.17682	0.167475	0.157237	0.01301222	0.241046	0.2368	0.246834	0.27532	17.02705	0.102736
15700	-20371.77	-20284.68	-87.08976	0.04278753	0.165511	0.155619	0.167881	0.164272	0.179469	0.167249	0.01129005	0.258351	0.238743	0.252113	0.250793	17.26544	0.1411131
15750	-20373.7	-20287.73	-85.97108	0.04278753	0.163393	0.157477	0.150502	0.169955	0.182465	0.176208	0.008038081	0.258699	0.239264	0.251846	0.250191	17.39376	0.1147422
15800	-20375.71	-20288.7	-87.01611	0.04278753	0.162443	0.158532	0.163011	0.174253	0.182744	0.159017	0.03089247	0.258357	0.234207	0.257575	0.24986	17.27798	0.1042051
15850	-20378.06	-20290.93	-87.13283	0.04278753	0.16305	0.162944	0.156886	0.167762	0.169143	0.180214	0.02925543	0.262032	0.240965	0.242664	0.254338	17.52014	0.1499872
15900	-20367.92	-20281.8	-86.12278	0.04278753	0.158677	0.161881	0.170303	0.162869	0.177483	0.168788	0.01211724	0.256208	0.239681	0.250496	0.253615	17.39136	0.08745668
15950	-20380.6	-20293.86	-86.74369	0.04278753	0.163817	0.160313	0.170021	0.148441	0.18724	0.170168	0.01612748	0.243941	0.253219	0.256573	0.246266	16.79074	0.1146116
16000	-20376.98	-20290.47	-86.50848	0.04278753	0.174552	0.152086	0.168248	0.146798	0.182312	0.176004	0.007515091	0.258226	0.242507	0.256907	0.24236	17.39656	0.1306901
16050	-20375.25	-20290.07	-85.17969	0.04278753	0.16142	0.16005	0.164388	0.167938	0.176006	0.170198	0.001734345	0.248475	0.248138	0.248036	0.255351	17.43352	0.09963596
16100	-20373.14	-20287.85	-85.29265	0.04278753	0.161457	0.156302	0.164659	0.151853	0.190372	0.175358	0.004518697	0.257613	0.249402	0.244463	0.248522	17.78537	0.08942855
16150	-20376.85	-20289.39	-87.45585	0.04278753	0.15799	0.154601	0.165505	0.154979	0.188021	0.178904	0.02673069	0.264012	0.246437	0.250109	0.239441	17.00701	0.1289211
16200	-20373.56	-20286.84	-86.72553	0.04278753	0.173185	0.160862	0.154625	0.153086	0.177663	0.180579	0.02823257	0.253319	0.243498	0.24873	0.254453	17.49256	0.1262222
16250	-20373.07	-20287.29	-85.7745	0.04278753	0.149025	0.164158	0.153259	0.172533	0.185418	0.175606	0.01714497	0.252482	0.246679	0.246366	0.254472	18.00896	0.0949292
16300	-20379.87	-20288.86	-91.00533	0.04278753	0.158701	0.149423	0.171342	0.154233	0.196858	0.169444	0.08971258	0.265966	0.23696	0.259436	0.237638	16.59846	0.1348366
16350	-20373.36	-20287.37	-85.99188	0.04278753	0.15108	0.152534	0.174401	0.160318	0.194369	0.167298	0.008821579	0.261358	0.238727	0.260147	0.239767	17.25887	0.09283895
16400	-20373.93	-20286.94	-86.99026	0.04278753	0.153019	0.17325	0.159958	0.167402	0.181049	0.165322	0.02379215	0.247989	0.251062	0.253421	0.247528	17.17883	0.1111003
16450	-20373.99	-20289.4	-84.58897	0.04278753	0.165444	0.15471	0.168744	0.15953	0.182843	0.16873	0.005089979	0.2461	0.244446	0.257264	0.252189	18.23324	0.1042811
16500	-20377.78	-20289.59	-88.18494	0.04278753	0.171643	0.146844	0.160426	0.146408	0.194204	0.180476	0.01619751	0.250044	0.239663	0.260251	0.250041	17.08523	0.06768079
16550	-20371.99	-20285.24	-86.75022	0.04278753	0.164221	0.152485	0.167699	0.154729	0.191619	0.169247	0.02232598	0.256922	0.232183	0.261271	0.249623	17.02803	0.1062391
16600	-20376.57	-20290.12	-86.44449	0.04278753	0.156481	0.156761	0.169864	0.173828	0.176548	0.166518	0.01526987	0.257036	0.245421	0.251537	0.246006	17.29298	0.08873556
16650	-20376.63	-20290.73	-85.89792	0.04278753	0.168089	0.167481	0.157355	0.145452	0.188621	0.173001	0.004977856	0.252412	0.24674	0.256263	0.244584	18.28068	0.1302504
16700	-20377.11	-20290.35	-86.75827	0.04278753	0.155746	0.155532	0.169547	0.152877	0.189569	0.17673	0.01144311	0.257187	0.253083	0.253197	0.236533	16.56231	0.1053303
16750	-20382.28	-20294.37	-87.91518	0.04278753	0.16359	0.149647	0.179865	0.145105	0.190946	0.170847	0.02501219	0.238084	0.254395	0.26977	0.237751	17.34133	0.1581153
16800	-20371.22	-20285.3	-85.92423	0.04278753	0.163118	0.167642	0.16112	0.15707	0.180368	0.170683	0.00240169	0.262238	0.237319	0.257846	0.242597	17.27394	0.1224637
16850	-20377.98	-20292.01	-85.96774	0.04278753	0.155778	0.142245	0.186355	0.153998	0.197242	0.164382	0.0248503	0.259018	0.247777	0.251866	0.241339	18.35396	0.1245558
16900	-20379.19	-20291.79	-87.39994	0.04278753	0.160326	0.155355	0.162458	0.158163	0.18829	0.175408	0.03011235	0.261009	0.244036	0.246842	0.248112	17.24108	0.1495849
16950	-20376.41	-20289.5	-86.91625	0.04278753	0.160437	0.1531	0.15453	0.159812	0.202525	0.169596	0.0003942402	0.258319	0.23923	0.251377	0.251075	17.27335	0.06468889
17000	-20374.79	-20286.63	-88.16335	0.04278753	0.159355	0.142917	0.157907	0.166346	0.190974	0.182501	0.06691552	0.264153	0.234266	0.255535	0.246047	17.89817	0.1357645
17050	-20379.04	-20289.79	-89.24547	0.04278753	0.148201	0.162123	0.175229	0.163858	0.183259	0.167329	0.04053103	0.250894	0.244291	0.255419	0.249396	17.85211	0.07278399
17100	-20383.48	-20296.44	-87.03314	0.04278753	0.159936	0.157514	0.174844	0.164028	0.180978	0.1627	0.0317663	0.242906	0.243806	0.252594	0.260695	17.2298	0.1005115
17150	-20372.24	-20286.82	-85.41937	0.04278753	0.157462	0.14883	0.171551	0.161823	0.192867	0.167467	0.01073325	0.253415	0.241338	0.255925	0.249321	17.66821	0.1039262
17200	-20368.99	-20281.62	-87.36315	0.04278753	0.162511	0.153162	0.162952	0.153874	0.192571	0.174931	0.00844187	0.256631	0.250868	0.25371	0.238791	17.40499	0.1534643
17250	-20372.68	-20284.81	-87.86649	0.04278753	0.149923	0.149641	0.172591	0.161551	0.196076	0.170217	0.05014646	0.2668	0.236326	0.256747	0.240126	17.07647	0.1318578
17300	-20373.74	-20287.75	-85.98658	0.04278753	0.164883	0.14491	0.173697	0.158119	0.19179	0.166601	0.009152788	0.249542	0.234239	0.266052	0.250167	17.56763	0.1253691
17350	-20369.42	-20282.95	-86.47062	0.04278753	0.168941	0.155192	0.162936	0.162962	0.187554	0.162415	0.007002925	0.268037	0.231917	0.252554	0.247493	16.61311	0.09383525
17400	-20374.34	-20286	-88.33759	0.04278753	0.162148	0.146615	0.168694	0.171696	0.194036	0.156811	0.01314444	0.263183	0.233652	0.264175	0.23899	16.85418	0.1627873
17450	-20374.25	-20287.84	-86.41264	0.04278753	0.146485	0.156886	0.16328	0.167734	0.185568	0.180047	0.0227096	0.267526	0.243389	0.244562	0.244523	17.48495	0.1199323
17500	-20373.74	-20287.65	-86.09211	0.04278753	0.167712	0.157063	0.153476	0.154048	0.199499	0.168201	0.003297045	0.251213	0.234856	0.26128	0.252652	17.24192	0.07890493
17550	-20374.03	-20287.81	-86.21674	0.04278753	0.153771	0.164333	0.15834	0.165859	0.188964	0.168733	0.01554277	0.259687	0.244064	0.252047	0.244202	17.9726	0.1454831
17600	-20374.74	-20288.2	-86.53557	0.04278753	0.161902	0.161976	0.167017	0.160238	0.183635	0.165231	0.00866364	0.26153	0.242661	0.251981	0.243827	17.90697	0.1497906
17650	-20369.28	-20284.04	-85.24758	0.04278753	0.164732	0.159741	0.164026	0.160598	0.184048	0.166855	0.006671369	0.255644	0.244377	0.258755	0.241224	17.78489	0.114743
17700	-20379.31	-20293.42	-85.8896	0.04278753	0.167526	0.170145	0.174304	0.152667	0.164986	0.170372	0.006502267	0.244844	0.262446	0.248395	0.244315	17.15115	0.1042819
17750	-20374.73	-20287.6	-87.13268	0.04278753	0.168542	0.154634	0.175573	0.15629	0.182907	0.162053	0.04014118	0.252304	0.248134	0.259127	0.240435	17.70583	0.1134438
17800	-20372.49	-20284.43	-88.06586	0.04278753	0.163923	0.166283	0.169035	0.156488	0.183714	0.160557	0.02462561	0.252156	0.245964	0.255378	0.246501	17.86086	0.1560713
17850	-20367.92	-20281.77	-86.15373	0.04278753	0.167256	0.151597	0.167029	0.159716	0.185898	0.168504	0.007527942	0.255388	0.242448	0.254838	0.247325	17.14702	0.08450682
17900	-20370.66	-20285.04	-85.61913	0.04278753	0.16121	0.157425	0.173652	0.159051	0.193269	0.155393	0.0004846037	0.255622	0.238123	0.257361	0.248894	16.9964	0.1072731
17950	-20379.04	-20293.07	-85.96809	0.04278753	0.177587	0.150076	0.159024	0.158633	0.17808	0.176601	0.004671191	0.259357	0.244683	0.252127	0.243833	17.20228	0.1143779
18000	-20372.89	-20286.55	-86.34108	0.04278753	0.155365	0.155619	0.165366	0.163716	0.197286	0.162647	0.002363983	0.261355	0.241597	0.253481	0.243567	17.35843	0.1325247
18050	-20373.11	-20287.19	-85.92121	0.04278753	0.160952	0.142873	0.186413	0.165988	0.18502	0.158754	0.008124324	0.252487	0.234387	0.268922	0.244203	17.41	0.1293513
18100	-20374.89	-20287.05	-87.83516	0.04278753	0.157358	0.165304	0.161408	0.161703	0.187644	0.166583	0.02740353	0.258876	0.250957	0.249035	0.241133	16.17214	0.1069588
18150	-20376.32	-20290.47	-85.84897	0.04278753	0.155085	0.145527	0.162266	0.172481	0.180982	0.183658	0.0129195	0.261127	0.251032	0.244313	0.243529	17.52457	0.1009235
18200	-20376.98	-20289.87	-87.11741	0.04278753	0.164499	0.150251	0.160863	0.173979	0.175509	0.174898	0.01174332	0.261253	0.239405	0.243708	0.255634	16.72847	0.08571566
18250	-20372.96	-20287.5	-85.4566	0.04278753	0.156692	0.163633	0.162833	0.162453	0.179487	0.174902	0.01825258	0.250503	0.238252	0.255291	0.255954	18.20868	0.1005598
18300	-20378.78	-20293.39	-85.39073	0.04278753	0.168051	0.141498	0.159631	0.149303	0.197709	0.183808	0.002274553	0.266306	0.236924	0.260572	0.236197	17.49345	0.09178301
18350	-20380.64	-20294.01	-86.62933	0.04278753	0.156622	0.163526	0.174501	0.144739	0.187001	0.173611	0.01397894	0.251629	0.253281	0.258371	0.236719	16.78787	0.1043276
18400	-20374.97	-20285.08	-89.88686	0.04278753	0.158938	0.163497	0.165433	0.160019	0.180229	0.171884	0.04342963	0.255473	0.247084	0.244889	0.252553	17.05686	0.1752315
18450	-20374.06	-20287.92	-86.1399	0.04278753	0.149953	0.162571	0.148468	0.175308	0.181765	0.181935	0.007708752	0.26583	0.239426	0.242609	0.252135	17.6137	0.07840226
18500	-20376.21	-20288.98	-87.22109	0.04278753	0.160741	0.166136	0.161014	0.163608	0.179123	0.169379	0.007257011	0.253189	0.236109	0.251134	0.259568	17.86876	0.1474987
18550	-20373.87	-20287.77	-86.10482	0.04278753	0.164561	0.154043	0.1641	0.160242	0.184999	0.172056	0.01199675	0.255898	0.245683	0.253173	0.245246	17.21254	0.09723012
18600	-20375.03	-20289.12	-85.90821	0.04278753	0.177126	0.142084	0.17543	0.154638	0.176177	0.174546	0.009172705	0.251555	0.241394	0.259305	0.247746	17.30673	0.1089219
18650	-20369.04	-20282.51	-86.52501	0.04278753	0.1733	0.151899	0.155457	0.160146	0.195151	0.164048	0.005965214	0.258435	0.24072	0.254565	0.24628	16.67724	0.1158709
18700	-20377.87	-20291.09	-86.78687	0.04278753	0.168336	0.161109	0.168504	0.159017	0.165884	0.17715	0.0251928	0.247369	0.242727	0.251253	0.25865	17.29115	0.1211584
18750	-20380	-20286.42	-93.58501	0.04278753	0.169512	0.162789	0.166338	0.167505	0.17659	0.157267	0.1215722	0.250048	0.24064	0.254913	0.254399	18.05179	0.1060684
18800	-20375.11	-20289.39	-85.72626	0.04278753	0.152373	0.156225	0.168918	0.159392	0.194475	0.168617	0.01636927	0.259655	0.254354	0.255754	0.230237	17.90382	0.1004544
18850	-20373.08	-20283.76	-89.31433	0.04278753	0.160901	0.155965	0.157867	0.165025	0.181867	0.178375	0.05371359	0.260994	0.246225	0.250259	0.242523	17.18942	0.09521711
18900	-20378.18	-20291.53	-86.65759	0.04278753	0.163982	0.131676	0.167933	0.155157	0.194833	0.186419	0.000135139	0.271272	0.247844	0.245225	0.235659	17.68634	0.06181171
18950	-20376.45	-20290.3	-86.15043	0.04278753	0.157967	0.145757	0.181082	0.155602	0.19476	0.164831	0.006527927	0.255379	0.253086	0.253906	0.23763	17.36912	0.1286954
19000	-20380.24	-20291.37	-88.87111	0.04278753	0.167733	0.170699	0.156619	0.158335	0.185831	0.160782	0.05036756	0.25933	0.240819	0.252956	0.246895	16.66299	0.1132547
19050	-20371.72	-20283.68	-88.03616	0.04278753	0.158645	0.155614	0.176773	0.148737	0.179757	0.180474	0.02049681	0.244497	0.251305	0.261806	0.242392	16.96424	0.07558661
19100	-20375.79	-20291.24	-84.5478	0.04278753	0.147006	0.156215	0.167967	0.169483	0.196039	0.163289	0.005906483	0.259428	0.248354	0.254022	0.238196	18.24894	0.1032567
19150	-20374.04	-20288.01	-86.02783	0.04278753	0.163892	0.147978	0.169537	0.165241	0.173748	0.179604	0.009034729	0.26137	0.242899	0.252177	0.243554	17.39881	0.08802597
19200	-20370.72	-20281.73	-88.98778	0.04278753	0.161937	0.161846	0.162664	0.162379	0.190752	0.160422	0.01925965	0.251302	0.239548	0.256735	0.252415	16.49001	0.1611052
19250	-20372.49	-20287.07	-85.41854	0.04278753	0.162552	0.167328	0.168597	0.143858	0.187048	0.170617	0.01864338	0.247153	0.250047	0.259839	0.242961	18.25404	0.1122683
19300	-20381.9	-20295.73	-86.17471	0.04278753	0.17143	0.168595	0.151207	0.157692	0.179715	0.171361	0.003212299	0.252648	0.227264	0.263156	0.256932	17.33622	0.07213885
19350	-20375.14	-20287.96	-87.18622	0.04278753	0.152956	0.157364	0.170478	0.165753	0.18857	0.164879	0.01621046	0.254905	0.239824	0.253055	0.252217	18.15807	0.06598907
19400	-20370.81	-20285.44	-85.37716	0.04278753	0.173286	0.153291	0.155951	0.160125	0.187015	0.170332	0.00117901	0.261102	0.2416	0.255196	0.242102	17.58261	0.08126026
19450	-20381.84	-20294.4	-87.44144	0.04278753	0.163777	0.15107	0.166201	0.175053	0.177021	0.166877	0.04005459	0.248061	0.238091	0.265068	0.24878	18.08492	0.1559888
19500	-20377.36	-20290.77	-86.58841	0.04278753	0.188067	0.15167	0.163347	0.14326	0.185253	0.168403	0.007133196	0.244736	0.238049	0.263572	0.253644	17.04473	0.103621
19550	-20375.39	-20288.89	-86.49483	0.04278753	0.146071	0.155571	0.16782	0.168946	0.174417	0.187174	0.006472861	0.261923	0.255501	0.248232	0.234345	17.47197	0.1390921
19600	-20374.17	-20287.63	-86.53697	0.04278753	0.14984	0.162514	0.169592	0.156491	0.181929	0.179633	0.02380723	0.258627	0.249177	0.248867	0.243329	17.97253	0.1345204
19650	-20374.12	-20288.54	-85.57239	0.04278753	0.161304	0.155154	0.164961	0.159734	0.178485	0.180363	0.006014654	0.243441	0.254144	0.246736	0.255679	17.47058	0.1120936
19700	-20374.84	-20289.52	-85.322	0.04278753	0.179499	0.157628	0.155121	0.154617	0.195379	0.157756	0.0005025759	0.255601	0.240847	0.253101	0.250451	17.65389	0.1233452
19750	-20376.81	-20289.09	-87.7181	0.04278753	0.159215	0.152809	0.152391	0.169933	0.181188	0.184464	0.01309344	0.260927	0.246752	0.250872	0.241449	16.69335	0.1504246
19800	-20372.95	-20287.38	-85.5701	0.04278753	0.152231	0.162149	0.153228	0.155898	0.190005	0.18649	0.002879946	0.263999	0.243376	0.245809	0.246816	17.49679	0.08859456
19850	-20371.63	-20283.93	-87.69919	0.04278753	0.151744	0.161491	0.170497	0.155097	0.18193	0.179241	0.0455692	0.257397	0.247974	0.256978	0.237651	17.63475	0.1384427
19900	-20376.85	-20291.47	-85.37891	0.04278753	0.149911	0.157558	0.151243	0.166781	0.199873	0.174633	0.008445884	0.257489	0.238723	0.257322	0.246467	17.86954	0.1033776
19950	-20375.26	-20288.51	-86.74491	0.04278753	0.158493	0.150846	0.178112	0.162173	0.188478	0.161899	0.01999784	0.258256	0.240548	0.256768	0.244429	17.14655	0.1234666
20000	-20369.29	-20283.58	-85.71294	0.04278753	0.162823	0.159279	0.168246	0.153639	0.188838	0.167176	0.004327263	0.26068	0.240977	0.259836	0.238508	17.63564	0.08225479
20050	-20375.9	-20289.26	-86.63705	0.04278753	0.159051	0.151241	0.163962	0.163976	0.196832	0.164938	0.001033757	0.255709	0.24068	0.258908	0.244703	17.40806	0.1370693
20100	-20376.79	-20289.52	-87.27062	0.04278753	0.182218	0.154374	0.16305	0.162212	0.173611	0.164535	0.004703412	0.25306	0.235559	0.255981	0.2554	16.90105	0.1538317
20150	-20375.8	-20288.08	-87.71864	0.04278753	0.168369	0.170016	0.164531	0.159254	0.177443	0.160387	0.03437937	0.249875	0.247273	0.242395	0.260457	16.73958	0.115149
20200	-20372.26	-20286.09	-86.166	0.04278753	0.167001	0.160652	0.16105	0.150483	0.181927	0.178887	0.0186639	0.25382	0.243901	0.254417	0.247863	17.53844	0.1246251
20250	-20371.04	-20284.06	-86.98177	0.04278753	0.149747	0.156441	0.176724	0.153286	0.192019	0.171784	0.02397361	0.252611	0.245111	0.254723	0.247555	17.33883	0.123753
20300	-20378.33	-20291.14	-87.19699	0.04278753	0.172321	0.155151	0.17927	0.159743	0.178529	0.154986	0.02960789	0.248089	0.247671	0.259407	0.244833	17.21351	0.1074391
20350	-20376.75	-20287.83	-88.91639	0.04278753	0.163514	0.160746	0.168306	0.144611	0.194272	0.168551	0.03430445	0.260393	0.236078	0.262864	0.240664	16.70109	0.08235824
20400	-20372.74	-20286.75	-85.99312	0.04278753	0.165022	0.165177	0.159328	0.149041	0.189007	0.172425	0.007913109	0.244098	0.254445	0.252828	0.24863	17.15871	0.1138
20450	-20373.89	-20287.98	-85.91234	0.04278753	0.159901	0.167675	0.171887	0.152692	0.181556	0.166289	0.004088165	0.254439	0.245597	0.253727	0.246237	17.05632	0.08752296
20500	-20377.26	-20291.15	-86.11069	0.04278753	0.165105	0.149704	0.177599	0.154957	0.193547	0.159089	0.008669978	0.254747	0.234625	0.265822	0.244806	17.85059	0.1284923
20550	-20375.51	-20289.19	-86.32063	0.04278753	0.164745	0.152693	0.149092	0.180365	0.186005	0.1671	0.0191755	0.265978	0.231544	0.242357	0.260122	17.54571	0.1069635
20600	-20376.39	-20290.88	-85.50868	0.04278753	0.146108	0.157907	0.17309	0.143012	0.194347	0.185536	0.008949866	0.261693	0.258096	0.252104	0.228108	17.86938	0.1253312
20650	-20377.82	-20291.15	-86.67165	0.04278753	0.162044	0.155629	0.167267	0.164236	0.180849	0.169974	0.009794077	0.255766	0.260167	0.239851	0.244216	16.68149	0.1187942
20700	-20376.04	-20290.53	-85.5137	0.04278753	0.158202	0.149242	0.162512	0.164934	0.195482	0.169628	0.006772295	0.265219	0.238292	0.250533	0.245956	17.45284	0.119027
20750	-20373.28	-20286.49	-86.79247	0.04278753	0.166636	0.155597	0.164488	0.165402	0.180798	0.167079	0.02476536	0.250736	0.246186	0.254066	0.249012	16.94559	0.1028155
20800	-20375.91	-20288.34	-87.56232	0.04278753	0.153783	0.155716	0.159314	0.168017	0.190378	0.172792	0.01615823	0.269436	0.241635	0.239504	0.249425	16.45512	0.1398866
20850	-20378.16	-20292.62	-85.53577	0.04278753	0.151072	0.153344	0.162077	0.163207	0.205829	0.16447	0.01803676	0.272805	0.233303	0.24733	0.246561	17.94192	0.1123122
20900	-20374.84	-20287.79	-87.04957	0.04278753	0.161239	0.173702	0.172125	0.161631	0.163963	0.16734	0.0134714	0.243236	0.241275	0.25486	0.260629	17.37166	0.1452467
20950	-20373.97	-20285.84	-88.1275	0.04278753	0.162534	0.175136	0.155908	0.150742	0.186013	0.169668	0.04484346	0.250814	0.244543	0.25751	0.247133	17.13487	0.1412262
21000	-20373.17	-20287.04	-86.12868	0.04278753	0.152596	0.154676	0.166461	0.159758	0.19357	0.172939	0.01005638	0.260203	0.240296	0.260446	0.239055	17.64215	0.113614
21050	-20368.95	-20283.72	-85.23189	0.04278753	0.157675	0.158267	0.153155	0.174775	0.178583	0.177546	0.002533925	0.264876	0.241026	0.244016	0.250082	17.30059	0.1082739
21100	-20376.88	-20290.32	-86.56171	0.04278753	0.161666	0.161885	0.169092	0.164975	0.194002	0.148381	0.00990501	0.249225	0.239772	0.249898	0.261105	17.59704	0.1307998
21150	-20372	-20286.32	-85.68051	0.04278753	0.152002	0.148835	0.16324	0.173364	0.180345	0.182214	0.004644981	0.261391	0.239216	0.255211	0.244182	17.30309	0.08756467
21200	-20378.8	-20288.77	-90.03521	0.04278753	0.167369	0.158538	0.166034	0.148364	0.195839	0.163856	0.01805615	0.251767	0.247044	0.25042	0.250768	17.82006	0.04947917
21250	-20375.88	-20287.32	-88.56587	0.04278753	0.145522	0.147889	0.157247	0.167626	0.203025	0.178692	0.06245524	0.267671	0.236429	0.25817	0.23773	17.34401	0.1444738
21300	-20376.09	-20290.56	-85.52665	0.04278753	0.168303	0.165874	0.152937	0.15033	0.198421	0.164136	0.008247929	0.251297	0.251696	0.251644	0.245363	17.75159	0.0977134
21350	-20376.02	-20290.05	-85.9766	0.04278753	0.165012	0.157525	0.166787	0.144251	0.192581	0.173845	0.003161986	0.246981	0.243932	0.261954	0.247133	16.99244	0.1180931
21400	-20374.87	-20287	-87.86518	0.04278753	0.156968	0.164556	0.173488	0.163372	0.179989	0.161628	0.008529005	0.254581	0.244984	0.255666	0.24477	16.89857	0.06487612
21450	-20376.33	-20289.5	-86.83288	0.04278753	0.150558	0.158741	0.163428	0.172067	0.185381	0.169825	0.004343061	0.263808	0.245018	0.252581	0.238592	16.85772	0.1297296
21500	-20377.14	-20289.76	-87.37822	0.04278753	0.150728	0.165006	0.154547	0.168739	0.189827	0.171152	0.002760058	0.261053	0.248286	0.246659	0.244003	17.16839	0.06443023
21550	-20374.29	-20286.32	-87.96543	0.04278753	0.163231	0.163848	0.160982	0.160027	0.183031	0.168881	0.02431344	0.259415	0.250318	0.246945	0.243322	17.11148	0.1652789
21600	-20376.77	-20289.94	-86.83494	0.04278753	0.157158	0.150476	0.167718	0.170401	0.192067	0.16218	0.02546932	0.261361	0.235502	0.256735	0.246402	17.21019	0.1220243
21650	-20376.22	-20290.86	-85.35651	0.04278753	0.168225	0.163125	0.173533	0.14912	0.18735	0.158647	0.006709555	0.249247	0.247299	0.265496	0.237957	17.86703	0.09355839
21700	-20374.39	-20285.69	-88.70688	0.04278753	0.166452	0.135912	0.16437	0.156977	0.2086	0.167688	0.002417271	0.264097	0.234989	0.257447	0.243467	17.56514	0.05028775
21750	-20378.77	-20293.4	-85.37802	0.04278753	0.155911	0.16731	0.178488	0.154553	0.183779	0.159958	0.005576773	0.243883	0.25946	0.253779	0.242878	18.25914	0.130705
21800	-20376.59	-20288.9	-87.68718	0.04278753	0.148251	0.167987	0.173507	0.148611	0.188332	0.173311	0.001089685	0.247942	0.257546	0.249061	0.245451	16.90624	0.1518647
21850	-20371.41	-20284.99	-86.41698	0.04278753	0.167487	0.157526	0.168913	0.143143	0.192308	0.170623	0.01116828	0.250025	0.241713	0.25589	0.252372	16.85416	0.1163549
21900	-20374.32	-20286.05	-88.26725	0.04278753	0.159903	0.167157	0.164888	0.157742	0.192953	0.157356	0.003111471	0.246253	0.24539	0.259934	0.248423	18.19457	0.1767514
21950	-20379.98	-20291.57	-88.40571	0.04278753	0.151539	0.153791	0.167346	0.164059	0.196734	0.16653	0.05056264	0.271287	0.232899	0.251244	0.244571	17.09662	0.1157314
22000	-20375.55	-20290.23	-85.31732	0.04278753	0.158342	0.149247	0.150449	0.172541	0.201796	0.167624	0.004071959	0.265492	0.234784	0.249423	0.250301	17.75984	0.1225446
22050	-20370.16	-20282.93	-87.22489	0.04278753	0.157641	0.15677	0.157264	0.170078	0.181242	0.177003	0.0168656	0.255565	0.247671	0.248638	0.248126	17.09694	0.1455264
22100	-20380.36	-20294.04	-86.31871	0.04278753	0.165356	0.146046	0.181826	0.161973	0.176892	0.167906	0.03011281	0.254758	0.241035	0.255661	0.248546	18.0079	0.09500717
22150	-20368.78	-20282.5	-86.28326	0.04278753	0.170519	0.141121	0.171589	0.159927	0.194022	0.162822	0.01811392	0.257469	0.240753	0.261889	0.239889	17.49353	0.1182822
22200	-20375.98	-20289.95	-86.02948	0.04278753	0.151771	0.144415	0.17648	0.169472	0.190098	0.167764	0.005825946	0.252606	0.250213	0.262011	0.23517	17.38531	0.09523705
22250	-20376.11	-20290.41	-85.70344	0.04278753	0.163111	0.166205	0.165584	0.158301	0.182416	0.164382	0.0033359	0.251379	0.240813	0.255764	0.252044	17.84263	0.1258966
22300	-20379.87	-20292	-87.86734	0.04278753	0.157486	0.138826	0.176923	0.164086	0.183436	0.179242	0.01092382	0.255229	0.251347	0.251262	0.242162	17.14396	0.1462716
22350	-20381.41	-20295.32	-86.08672	0.04278753	0.163712	0.162745	0.161729	0.163424	0.181641	0.166749	0.03099781	0.266353	0.252225	0.236686	0.244735	17.88907	0.1225006
22400	-20368.85	-20283.59	-85.26074	0.04278753	0.163635	0.15631	0.156761	0.1584	0.199716	0.165178	0.006265479	0.258056	0.241565	0.253109	0.247271	17.87068	0.09701111
22450	-20372.62	-20285.56	-87.05334	0.04278753	0.164293	0.157786	0.158292	0.147069	0.192221	0.180338	0.01460783	0.270174	0.238676	0.250163	0.240987	17.3325	0.1397991
22500	-20380.01	-20292.51	-87.49314	0.04278753	0.144822	0.153768	0.165478	0.157975	0.209482	0.168475	0.02555636	0.256162	0.233723	0.264931	0.245183	17.80243	0.07606498
22550	-20373.07	-20287.89	-85.18194	0.04278753	0.170349	0.154933	0.167181	0.166806	0.176614	0.164117	3.546339e-05	0.260678	0.22971	0.256644	0.252969	17.21399	0.09246758
22600	-20373.78	-20286.3	-87.48294	0.04278753	0.161705	0.146637	0.159931	0.163539	0.196976	0.171212	0.003762535	0.264684	0.241578	0.251932	0.241806	16.47674	0.0726073
22650	-20372.23	-20285.77	-86.45685	0.04278753	0.158097	0.155568	0.173286	0.171915	0.17749	0.163644	0.0219169	0.255115	0.244673	0.251051	0.249161	17.58719	0.1279161
22700	-20371.7	-20286.78	-84.91836	0.04278753	0.157711	0.145031	0.174862	0.169348	0.188667	0.164381	0.002668233	0.256464	0.245633	0.253625	0.244277	17.71944	0.1010378
22750	-20370.08	-20284.35	-85.72607	0.04278753	0.162581	0.164811	0.1646	0.164748	0.180385	0.162874	0.007045904	0.251701	0.235488	0.258121	0.25469	17.34362	0.09631728
22800	-20370.88	-20285.89	-84.98695	0.04278753	0.172138	0.160604	0.163334	0.167439	0.180332	0.156153	0.005764004	0.255394	0.231547	0.253674	0.259386	18.04467	0.1118516
22850	-20376.62	-20290.88	-85.73846	0.04278753	0.161626	0.14133	0.17004	0.160602	0.196567	0.169836	0.001170059	0.250477	0.232307	0.267968	0.249248	17.2922	0.1101387
22900	-20379.02	-20292.8	-86.21171	0.04278753	0.145528	0.167764	0.164245	0.165493	0.174889	0.182081	0.01443392	0.256541	0.247528	0.24797	0.247961	17.45289	0.1228774
22950	-20383.26	-20297.03	-86.22734	0.04278753	0.150034	0.162697	0.165999	0.178276	0.175838	0.167157	0.004890573	0.257233	0.242107	0.242581	0.25808	16.55655	0.09986448
23000	-20379.93	-20290.55	-89.37579	0.04278753	0.171676	0.153898	0.186145	0.148526	0.184121	0.155633	0.05573061	0.238636	0.248101	0.268289	0.244975	17.03255	0.09508754
23050	-20373.67	-20288.11	-85.55563	0.04278753	0.148717	0.158844	0.170319	0.161266	0.181832	0.179022	0.01249608	0.250552	0.246481	0.25846	0.244507	17.8196	0.1075175
23100	-20378.98	-20291.23	-87.75741	0.04278753	0.158039	0.147574	0.178702	0.158768	0.192196	0.164722	0.01081835	0.250935	0.240869	0.266814	0.241382	17.26343	0.1519006
23150	-20373.77	-20288.1	-85.67158	0.04278753	0.153929	0.158444	0.175261	0.167082	0.183565	0.161719	0.0009233172	0.256365	0.244888	0.252996	0.245751	17.38216	0.1199107
23200	-20377.84	-20290.13	-87.70584	0.04278753	0.169456	0.143509	0.166063	0.160133	0.193332	0.167507	0.04540617	0.263483	0.236341	0.261294	0.238881	17.66081	0.1336188
23250	-20376.74	-20290.75	-85.98695	0.04278753	0.168525	0.153934	0.161244	0.15796	0.196645	0.161692	0.001174559	0.248839	0.239664	0.263001	0.248496	17.20682	0.1205563
23300	-20375.79	-20290.31	-85.47822	0.04278753	0.158093	0.159238	0.164224	0.170729	0.182781	0.164934	0.01093559	0.249262	0.239741	0.245737	0.26526	18.08665	0.08950897
23350	-20372.23	-20284.79	-87.44761	0.04278753	0.157375	0.161122	0.16351	0.161128	0.183213	0.173653	0.02400571	0.258702	0.241736	0.250111	0.249451	17.30838	0.1405709
23400	-20372.52	-20286	-86.51826	0.04278753	0.166348	0.165237	0.164969	0.154994	0.19199	0.156462	0.01577593	0.251454	0.243328	0.257957	0.247262	17.34214	0.1358012
23450	-20375.2	-20290.14	-85.06915	0.04278753	0.160523	0.15673	0.172476	0.160134	0.181968	0.16817	0.01291608	0.247816	0.250416	0.2536	0.248168	18.19657	0.1131278
23500	-20378.2	-20291.83	-86.36308	0.04278753	0.155237	0.158496	0.178221	0.150695	0.18363	0.173721	0.0240351	0.243074	0.247081	0.263021	0.246824	17.60511	0.1132443
23550	-20372.82	-20286.25	-86.57318	0.04278753	0.159013	0.159298	0.156427	0.159172	0.192701	0.173388	0.007555744	0.260983	0.240763	0.25186	0.246395	17.29653	0.1366811
23600	-20381.09	-20294.29	-86.79198	0.04278753	0.156773	0.15021	0.171757	0.161402	0.173362	0.186496	0.01487187	0.250098	0.255882	0.25459	0.23943	17.40533	0.1335654
23650	-20374.33	-20288.28	-86.04803	0.04278753	0.165097	0.149577	0.18366	0.147116	0.191003	0.163547	0.005393937	0.246439	0.247085	0.26334	0.243136	18.027	0.1389741
23700	-20371.33	-20283.21	-88.12034	0.04278753	0.159407	0.150092	0.165714	0.160153	0.198193	0.166441	0.04227775	0.257179	0.233958	0.267568	0.241296	17.06204	0.1009563
23750	-20371.16	-20284.65	-86.50751	0.04278753	0.175586	0.153456	0.156421	0.158065	0.18858	0.167893	0.01615903	0.253382	0.231802	0.265997	0.248819	16.97707	0.09745743
23800	-20380.74	-20295.98	-84.76039	0.04278753	0.157932	0.165928	0.180642	0.153514	0.190406	0.151579	0.009528607	0.258649	0.244381	0.253961	0.243008	18.36885	0.1158734
23850	-20373.03	-20287.38	-85.64812	0.04278753	0.156626	0.154564	0.171653	0.158596	0.183524	0.175038	0.01404552	0.261143	0.254349	0.245415	0.239092	17.96635	0.08564498
23900	-20371.67	-20282.91	-88.76081	0.04278753	0.159709	0.160284	0.16305	0.159073	0.188996	0.168888	0.07712944	0.253735	0.241892	0.258651	0.245722	18.04937	0.1558983
23950	-20375.29	-20289.31	-85.97295	0.04278753	0.183589	0.157932	0.15763	0.152699	0.183426	0.164724	0.000366954	0.25924	0.228986	0.259143	0.252632	16.5369	0.09543817
24000	-20386.89	-20300.75	-86.1339	0.04278753	0.159751	0.159524	0.15644	0.152275	0.20964	0.162371	0.001787121	0.253284	0.235891	0.265313	0.245511	16.62748	0.1211398
24050	-20370.22	-20284.68	-85.53986	0.04278753	0.175483	0.148575	0.160682	0.165669	0.193892	0.155699	0.001107993	0.251606	0.231211	0.26058	0.256603	17.28681	0.09326297
24100	-20378.14	-20290.58	-87.56187	0.04278753	0.169402	0.149969	0.171974	0.166097	0.177597	0.164961	0.03729647	0.24864	0.239318	0.268996	0.243045	17.45877	0.1266923
24150	-20373.72	-20285.37	-88.3487	0.04278753	0.172544	0.141803	0.168088	0.159684	0.195972	0.161908	0.034359	0.257796	0.236519	0.254606	0.251079	16.66857	0.1471123
24200	-20371.88	-20285.33	-86.54974	0.04278753	0.174074	0.148744	0.170657	0.152848	0.183407	0.170269	0.00269037	0.252821	0.247201	0.252897	0.24708	17.44448	0.1343303
24250	-20382	-20291.72	-90.28601	0.04278753	0.169852	0.155747	0.165539	0.166454	0.186983	0.155426	0.08180929	0.258388	0.241843	0.261543	0.238226	17.21619	0.1913249
24300	-20376.08	-20288.48	-87.60498	0.04278753	0.156528	0.157401	0.1809	0.156608	0.188473	0.160091	0.04058597	0.261712	0.246872	0.25242	0.238996	17.39723	0.1304501
24350	-20370.43	-20285.24	-85.18901	0.04278753	0.148842	0.159446	0.167714	0.169802	0.183157	0.171038	0.0003059598	0.259874	0.245347	0.246958	0.247821	17.14347	0.09565343
24400	-20375	-20287.01	-87.9879	0.04278753	0.172499	0.146774	0.178693	0.154169	0.186129	0.161736	0.03109068	0.252265	0.245776	0.265093	0.236865	16.54652	0.1341289
24450	-20373.53	-20286.52	-87.01105	0.04278753	0.156918	0.156316	0.155688	0.155043	0.207605	0.16843	0.02171747	0.259851	0.238537	0.256534	0.245078	16.83576	0.09879576
24500	-20373.84	-20288.48	-85.36437	0.04278753	0.157847	0.151094	0.167891	0.161051	0.186843	0.175274	0.008332974	0.262429	0.241605	0.251403	0.244563	17.75031	0.1136458
24550	-20367.16	-20281.36	-85.80482	0.04278753	0.158578	0.160899	0.16159	0.159163	0.190735	0.169035	0.01248952	0.252442	0.245688	0.256661	0.245209	17.62601	0.1157261
24600	-20370.48	-20284.36	-86.12177	0.04278753	0.156812	0.157057	0.168471	0.160436	0.182362	0.174861	0.02462054	0.263818	0.238994	0.24998	0.247208	17.63033	0.1258096
24650	-20374.05	-20285.99	-88.06669	0.04278753	0.15576	0.151276	0.175935	0.156577	0.19215	0.168302	0.04022422	0.257573	0.245944	0.256149	0.240334	16.71173	0.1406391
24700	-20370.34	-20284.63	-85.70385	0.04278753	0.159706	0.148027	0.167557	0.159903	0.194083	0.170724	0.0002274047	0.262039	0.238841	0.257741	0.241379	16.97435	0.09598522
24750	-20373.33	-20288.5	-84.82381	0.04278753	0.151737	0.15427	0.164805	0.17398	0.197835	0.157372	0.001421061	0.26134	0.232934	0.25222	0.253506	17.80223	0.0941358
24800	-20374.54	-20286.75	-87.79335	0.04278753	0.153192	0.156075	0.158537	0.164216	0.200332	0.167648	0.03642476	0.260026	0.24056	0.251042	0.248373	17.28872	0.1246852
24850	-20377.92	-20291.3	-86.61865	0.04278753	0.15761	0.155102	0.157901	0.155906	0.184414	0.189066	0.004193082	0.255177	0.246831	0.257325	0.240668	17.01379	0.1299945
24900	-20380.53	-20290.69	-89.83822	0.04278753	0.157921	0.157167	0.179463	0.158233	0.194693	0.152522	0.01835207	0.246136	0.244456	0.262931	0.246477	16.8451	0.05812458
24950	-20371.45	-20286.03	-85.418	0.04278753	0.155902	0.156869	0.177535	0.153497	0.188257	0.16794	0.006350778	0.253939	0.249381	0.251565	0.245115	17.93895	0.09114514
25000	-20377.82	-20291.59	-86.22641	0.04278753	0.169487	0.1681	0.153355	0.163	0.188545	0.157513	0.01216637	0.247115	0.241556	0.255001	0.256328	17.10314	0.1043607
25050	-20371.86	-20286.2	-85.65386	0.04278753	0.160517	0.143861	0.161927	0.169822	0.188486	0.175387	0.01020875	0.26525	0.233081	0.251714	0.249955	17.63155	0.0935522
25100	-20372.55	-20286.31	-86.24599	0.04278753	0.166327	0.157128	0.161929	0.162416	0.18589	0.16631	0.02879825	0.255075	0.234189	0.260938	0.249798	18.42979	0.1366729
25150	-20374.77	-20283.7	-91.07111	0.04278753	0.159817	0.161859	0.169936	0.158012	0.181201	0.169176	0.03626366	0.255448	0.252121	0.242359	0.250071	16.88772	0.06164453
25200	-20374.55	-20288.27	-86.28579	0.04278753	0.148748	0.159443	0.160756	0.159229	0.192524	0.179301	0.009300065	0.26333	0.246209	0.251044	0.239417	17.00138	0.09483911
25250	-20371.78	-20286.4	-85.38203	0.04278753	0.15366	0.159993	0.159221	0.163773	0.186538	0.176816	0.01014801	0.264232	0.239635	0.255165	0.240969	17.98057	0.1241273
25300	-20377.49	-20291.91	-85.58308	0.04278753	0.162755	0.147425	0.176634	0.15206	0.201223	0.159903	0.01308044	0.256284	0.239424	0.269987	0.234305	18.3341	0.08653559
25350	-20372.24	-20285.35	-86.89076	0.04278753	0.159055	0.160429	0.16224	0.161377	0.188173	0.168727	0.01200992	0.261369	0.23979	0.245567	0.253274	17.23181	0.07579705
25400	-20372.33	-20285.79	-86.54602	0.04278753	0.156184	0.165835	0.172643	0.14856	0.185706	0.171072	0.002005647	0.257666	0.242131	0.254206	0.245997	17.55371	0.0685978
25450	-20372.97	-20286.57	-86.39715	0.04278753	0.165528	0.158386	0.168952	0.168769	0.173562	0.164803	0.008262009	0.257708	0.242234	0.254188	0.24587	17.07732	0.1180155
25500	-20376.49	-20291.27	-85.22687	0.04278753	0.15814	0.157958	0.160212	0.147075	0.200157	0.176457	0.0004731846	0.25734	0.243206	0.247736	0.251718	18.02766	0.1222479
25550	-20376.4	-20289.04	-87.35847	0.04278753	0.168101	0.158147	0.185756	0.156367	0.171939	0.159689	0.01933187	0.252324	0.247585	0.263218	0.236872	16.76167	0.09037208
25600	-20382.13	-20295.77	-86.36456	0.04278753	0.162564	0.152855	0.167213	0.162146	0.188931	0.166291	0.01849291	0.259863	0.241546	0.251744	0.246846	17.43989	0.1317866
25650	-20373.53	-20287.04	-86.49681	0.04278753	0.146672	0.145569	0.167276	0.163727	0.202086	0.174669	0.006963323	0.268966	0.239696	0.247679	0.243659	16.75009	0.1120276
25700	-20378.91	-20289.08	-89.82782	0.04278753	0.162729	0.15042	0.167716	0.15887	0.199136	0.16113	0.005270229	0.248141	0.239055	0.261536	0.251268	16.7115	0.1729108
25750	-20370.38	-20284.67	-85.70895	0.04278753	0.163203	0.153933	0.165543	0.170604	0.178738	0.167979	0.005349606	0.264878	0.243903	0.246147	0.245072	17.55677	0.09009384
25800	-20383.41	-20294.62	-88.79379	0.04278753	0.167295	0.152024	0.156112	0.166392	0.185558	0.172619	0.01014809	0.258179	0.24182	0.246489	0.253511	18.39542	0.0506715
25850	-20368.36	-20282.81	-85.54625	0.04278753	0.167983	0.16152	0.157356	0.165528	0.178094	0.169519	0.0007599949	0.255598	0.235167	0.250743	0.258492	17.51934	0.1195923
25900	-20375.17	-20287.9	-87.26811	0.04278753	0.165689	0.154678	0.15513	0.158272	0.196482	0.169749	0.02035771	0.265457	0.240046	0.250047	0.24445	17.73045	0.07846768
25950	-20371.94	-20286.47	-85.46616	0.04278753	0.153516	0.152851	0.172144	0.162402	0.186174	0.172913	0.005997474	0.266505	0.244282	0.245998	0.243214	17.47424	0.08982015
26000	-20374.43	-20286.41	-88.02541	0.04278753	0.159373	0.160222	0.155834	0.162029	0.190318	0.172225	0.005785922	0.252662	0.240881	0.249794	0.256664	17.80918	0.1636211
26050	-20376.96	-20291.32	-85.64555	0.04278753	0.150032	0.160725	0.163261	0.171454	0.172888	0.181641	0.005492589	0.252141	0.255079	0.242925	0.249854	17.30089	0.09390278
26100	-20374.37	-20284.54	-89.83311	0.04278753	0.155548	0.164322	0.161796	0.170047	0.178355	0.169932	0.08299821	0.264704	0.235282	0.248854	0.25116	17.41748	0.1253722
26150	-20371.4	-20284.99	-86.40706	0.04278753	0.150645	0.158946	0.162229	0.165169	0.185063	0.177947	0.02318343	0.270222	0.247769	0.249142	0.232867	17.42686	0.09758142
26200	-20372.41	-20285.58	-86.82112	0.04278753	0.159165	0.140421	0.181904	0.151056	0.195753	0.171699	0.01597271	0.258014	0.23459	0.273297	0.234099	17.14746	0.08663737
26250	-20375.61	-20289.83	-85.78002	0.04278753	0.173592	0.161698	0.167346	0.156472	0.170045	0.170847	0.003075505	0.258932	0.238318	0.24754	0.25521	17.31158	0.1194481
26300	-20371.16	-20285.24	-85.91946	0.04278753	0.1569	0.157025	0.174921	0.154633	0.177404	0.179118	0.007400171	0.252879	0.248257	0.246052	0.252812	17.17434	0.09474002
26350	-20371.02	-20284.57	-86.45091	0.04278753	0.16998	0.167344	0.168303	0.154294	0.182778	0.157302	0.02083803	0.249283	0.243938	0.264853	0.241925	17.42501	0.09622863
26400	-20379.54	-20293.59	-85.94195	0.04278753	0.165545	0.146831	0.172161	0.163422	0.177962	0.174079	0.02229678	0.251124	0.237324	0.26306	0.248493	17.88798	0.1286112
26450	-20368.5	-20282.84	-85.65806	0.04278753	0.171047	0.158348	0.157024	0.157556	0.185511	0.170514	0.006615868	0.254807	0.240085	0.255163	0.249945	17.23739	0.1084273
26500	-20377.73	-20291.64	-86.09223	0.04278753	0.155682	0.162795	0.159829	0.169273	0.175952	0.17647	0.002088591	0.252708	0.246979	0.248997	0.251316	17.46995	0.1272123
26550	-20373.54	-20286.23	-87.30363	0.04278753	0.159403	0.15711	0.155083	0.155361	0.178287	0.194756	0.02195405	0.255358	0.250299	0.247347	0.246997	17.42619	0.1567503
26600	-20373.23	-20286.55	-86.67401	0.04278753	0.162647	0.166247	0.162213	0.149499	0.192116	0.167279	0.01237928	0.250785	0.245172	0.257979	0.246063	17.28426	0.1284917
26650	-20372.74	-20286.07	-86.6722	0.04278753	0.163083	0.153977	0.165645	0.152471	0.19425	0.170574	0.02889717	0.267018	0.237466	0.252991	0.242525	17.95589	0.09034199
26700	-20373.16	-20287.72	-85.44814	0.04278753	0.155385	0.167918	0.15717	0.156077	0.195318	0.168132	0.007003534	0.251365	0.238643	0.255452	0.25454	17.87852	0.08824528
26750	-20376.89	-20290.22	-86.67287	0.04278753	0.157862	0.145763	0.161742	0.166444	0.193321	0.174868	0.02036784	0.268433	0.241127	0.249061	0.241378	17.90041	0.1460497
26800	-20375.54	-20286.9	-88.64276	0.04278753	0.155669	0.156182	0.162381	0.172404	0.181459	0.171904	0.000656289	0.265462	0.227508	0.25866	0.24837	17.32562	0.1744125
26850	-20374.06	-20285.72	-88.33563	0.04278753	0.157611	0.157614	0.164847	0.16679	0.188232	0.164907	0.03520901	0.258038	0.236912	0.265278	0.239772	17.37053	0.07811912
26900	-20382.99	-20294.12	-88.86935	0.04278753	0.167715	0.148178	0.163532	0.166152	0.169858	0.184566	0.05118418	0.245249	0.254251	0.254744	0.245755	16.6579	0.1348559
26950	-20378.19	-20287.77	-90.41634	0.04278753	0.172953	0.15252	0.157542	0.158729	0.189409	0.168847	0.09206083	0.259931	0.238327	0.255724	0.246018	17.28621	0.163973
27000	-20376.22	-20290.9	-85.32744	0.04278753	0.147578	0.151716	0.181823	0.146566	0.196831	0.175486	0.005708418	0.253677	0.255358	0.256258	0.234707	17.84332	0.09612359
27050	-20375.04	-20286.84	-88.19769	0.04278753	0.158374	0.155961	0.166738	0.147414	0.201951	0.169562	0.003635559	0.254785	0.231031	0.270144	0.24404	17.17422	0.05820443
27100	-20378.59	-20290.66	-87.9225	0.04278753	0.164989	0.152168	0.155261	0.179587	0.17436	0.173635	0.03488339	0.259933	0.233894	0.249656	0.256517	17.09169	0.1535962
27150	-20375.37	-20287.12	-88.25726	0.04278753	0.153106	0.157445	0.177381	0.158328	0.184419	0.169322	0.05134527	0.247291	0.249949	0.262822	0.239939	17.4758	0.1048639
27200	-20380.12	-20291.92	-88.19896	0.04278753	0.156215	0.162369	0.175601	0.159823	0.180614	0.165378	0.05433914	0.256657	0.254194	0.248043	0.241106	17.61198	0.1165732
27250	-20367.44	-20281.03	-86.41079	0.04278753	0.157792	0.160451	0.168098	0.154234	0.194759	0.164667	0.0228947	0.25754	0.239475	0.259972	0.243014	17.45886	0.1102165
27300	-20376.42	-20289.52	-86.89416	0.04278753	0.167627	0.149796	0.173407	0.145823	0.18759	0.175758	0.0294767	0.260433	0.240991	0.263117	0.235458	17.66503	0.132313
27350	-20377.43	-20289.25	-88.17819	0.04278753	0.165416	0.161483	0.16538	0.155914	0.19187	0.159937	0.04141999	0.250744	0.243842	0.263727	0.241687	17.42527	0.1363093
27400	-20377.76	-20292.09	-85.67088	0.04278753	0.160897	0.144729	0.166348	0.162945	0.192749	0.172332	0.01533269	0.262064	0.234898	0.259741	0.243296	19.18984	0.1402829
27450	-20377.14	-20286.6	-90.5431	0.04278753	0.160909	0.163851	0.158092	0.167915	0.171938	0.177295	0.05236965	0.254235	0.250675	0.250417	0.244673	17.28519	0.07525928
27500	-20373.96	-20287.19	-86.7715	0.04278753	0.15044	0.160534	0.166401	0.160835	0.180413	0.181377	0.03569158	0.257743	0.243508	0.258959	0.239789	18.22431	0.1237829
27550	-20375.21	-20289.71	-85.50123	0.04278753	0.161648	0.146973	0.16102	0.149548	0.204493	0.176318	0.002599656	0.260187	0.233169	0.256387	0.250257	17.24717	0.1197449
27600	-20374.4	-20286.33	-88.07208	0.04278753	0.160005	0.151441	0.169209	0.1686	0.19357	0.157175	0.02219743	0.250933	0.239044	0.25693	0.253093	16.86821	0.1484726
27650	-20375.51	-20287.28	-88.22959	0.04278753	0.159653	0.146259	0.174225	0.157115	0.182487	0.180261	0.03948991	0.264726	0.24753	0.255175	0.23257	16.91441	0.1476752
27700	-20378.94	-20293.62	-85.31202	0.04278753	0.150745	0.159829	0.171779	0.158843	0.182038	0.176766	0.006219054	0.261032	0.249389	0.250472	0.239107	17.76125	0.09329585
27750	-20376.96	-20290.34	-86.62271	0.04278753	0.168504	0.155984	0.167157	0.162884	0.178705	0.166766	0.001976673	0.243458	0.249615	0.248989	0.257938	16.3025	0.1009432
27800	-20377.34	-20290.82	-86.52168	0.04278753	0.159875	0.159966	0.164029	0.170502	0.18192	0.163708	0.01087212	0.254041	0.235313	0.254708	0.255939	17.75394	0.07274849
27850	-20387.09	-20297.26	-89.82497	0.04278753	0.157262	0.147716	0.16903	0.177327	0.182233	0.166432	0.06593817	0.271907	0.233026	0.259445	0.235622	17.47862	0.1705126
27900	-20373.86	-20288.14	-85.71514	0.04278753	0.161823	0.140978	0.1793	0.154721	0.190157	0.173021	0.004202106	0.252474	0.239389	0.260144	0.247993	17.73305	0.07868203
27950	-20375.44	-20287.18	-88.25728	0.04278753	0.160078	0.150758	0.157507	0.158917	0.20489	0.167849	0.05161495	0.261843	0.237544	0.257058	0.243555	17.38256	0.1529001
28000	-20373.35	-20288.01	-85.33849	0.04278753	0.163078	0.15731	0.17172	0.161142	0.179351	0.1674	0.00290038	0.252751	0.241346	0.250856	0.255046	17.80773	0.09026044
28050	-20381.28	-20294.64	-86.64416	0.04278753	0.163129	0.157323	0.160682	0.170215	0.175021	0.173631	0.02492646	0.267916	0.231641	0.245544	0.254899	17.44264	0.09944611
28100	-20375.94	-20287.77	-88.16364	0.04278753	0.152984	0.150848	0.173131	0.16662	0.183733	0.172683	0.03632356	0.255586	0.234015	0.25752	0.252878	17.73677	0.1529805
28150	-20378.72	-20292.23	-86.49416	0.04278753	0.161111	0.162058	0.180592	0.151737	0.17168	0.17282	0.008618521	0.250586	0.242188	0.264319	0.242907	16.77839	0.08622306
28200	-20370.88	-20286.02	-84.85853	0.04278753	0.166884	0.156472	0.158663	0.16387	0.185913	0.168198	0.008311795	0.260527	0.242289	0.252914	0.244271	18.19168	0.09356663
28250	-20372.53	-20282.44	-90.08794	0.04278753	0.167944	0.157002	0.161078	0.162665	0.183542	0.167769	0.06969805	0.245762	0.246957	0.256921	0.25036	16.71974	0.1694691
28300	-20380.84	-20292.53	-88.30526	0.04278753	0.167689	0.170364	0.160946	0.160649	0.182869	0.157483	0.04906139	0.248812	0.245971	0.256084	0.249132	17.48144	0.1332031
28350	-20369.72	-20282.38	-87.33889	0.04278753	0.164135	0.148914	0.160749	0.159764	0.196331	0.170108	0.001791537	0.26155	0.237569	0.247602	0.253278	16.67123	0.1445381
28400	-20377.37	-20289.02	-88.35225	0.04278753	0.163131	0.160986	0.158697	0.15734	0.183159	0.176686	0.04452658	0.249137	0.24933	0.259134	0.2424	17.3519	0.1514085
28450	-20373.39	-20288.6	-84.7896	0.04278753	0.157799	0.161294	0.154664	0.157348	0.196043	0.172852	0.0001193513	0.264293	0.235899	0.249493	0.250315	17.5944	0.08497291
28500	-20380.14	-20291.6	-88.54075	0.04278753	0.160039	0.172234	0.152144	0.166548	0.183419	0.165616	0.06003971	0.261144	0.246227	0.2389	0.253729	18.04959	0.0962326
28550	-20382.58	-20296.2	-86.37865	0.04278753	0.164761	0.158479	0.165706	0.170982	0.175057	0.165014	0.01654413	0.271362	0.244695	0.246228	0.237714	17.91261	0.08310393
28600	-20377.67	-20291.35	-86.31648	0.04278753	0.166887	0.139338	0.166471	0.16354	0.194799	0.168965	0.007699184	0.262582	0.248967	0.262925	0.225526	17.25647	0.1328361
28650	-20374.58	-20288.19	-86.38836	0.04278753	0.160107	0.163373	0.175872	0.156046	0.175574	0.169027	0.009399035	0.245461	0.25356	0.256396	0.244583	17.85662	0.0735846
28700	-20376.3	-20290.02	-86.27538	0.04278753	0.172234	0.140352	0.17672	0.151034	0.177028	0.182631	0.004985673	0.254974	0.250455	0.25895	0.235621	17.27967	0.07702697
28750	-20372.9	-20286.69	-86.21773	0.04278753	0.163488	0.155677	0.16012	0.158427	0.200591	0.161697	0.0142975	0.268477	0.23632	0.253041	0.242162	17.18794	0.0948034
28800	-20382.68	-20290.77	-91.9125	0.04278753	0.155107	0.166801	0.172422	0.160694	0.183442	0.161534	0.1009666	0.242255	0.252513	0.255057	0.250175	17.53716	0.1147706
28850	-20378.19	-20291.37	-86.82448	0.04278753	0.170609	0.15331	0.176247	0.156123	0.180583	0.163128	0.02673889	0.247378	0.23844	0.260747	0.253435	17.53804	0.1435546
28900	-20372.06	-20284.84	-87.22123	0.04278753	0.172178	0.155402	0.15469	0.157369	0.185789	0.174571	0.02196344	0.260522	0.238997	0.251582	0.248899	16.97737	0.1251234
28950	-20377.4	-20289.07	-88.33367	0.04278753	0.166752	0.15292	0.16287	0.149036	0.19378	0.174642	0.03647611	0.254167	0.251481	0.257607	0.236745	17.08718	0.1542377
29000	-20379.21	-20292.98	-86.23407	0.04278753	0.15116	0.158878	0.158653	0.154915	0.192715	0.183679	0.006899739	0.259823	0.244853	0.247343	0.24798	17.1028	0.09527725
29050	-20373.34	-20285.64	-87.70305	0.04278753	0.171385	0.150395	0.170891	0.155694	0.185938	0.165696	0.03330312	0.258698	0.236441	0.269713	0.235148	17.14197	0.09723644
29100	-20376.62	-20290.26	-86.3663	0.04278753	0.158845	0.167076	0.160499	0.164298	0.177044	0.172239	0.02200731	0.257373	0.245055	0.249173	0.2484	17.40916	0.1173651
29150	-20378.3	-20289.22	-89.08396	0.04278753	0.163643	0.162014	0.166818	0.161453	0.176221	0.169851	0.07208087	0.255891	0.240704	0.246394	0.257011	17.62734	0.1521496
29200	-20369.01	-20282.63	-86.38002	0.04278753	0.156853	0.151697	0.163994	0.156603	0.195969	0.174885	0.004437339	0.259634	0.239272	0.258831	0.242263	17.6757	0.1366709
29250	-20368.07	-20281.78	-86.28801	0.04278753	0.161916	0.161669	0.172684	0.152782	0.17899	0.171959	0.008662474	0.247964	0.246323	0.258854	0.246859	16.91075	0.107839
29300	-20374.23	-20286.03	-88.19919	0.04278753	0.166902	0.165513	0.16487	0.156859	0.177989	0.167867	0.02070561	0.25518	0.238226	0.251129	0.255465	17.11333	0.07191182
29350	-20376.36	-20290.27	-86.09442	0.04278753	0.1464	0.157078	0.159792	0.170206	0.198901	0.167624	0.007817493	0.26358	0.233765	0.247077	0.255578	16.57794	0.1156408
29400	-20381.44	-20294.82	-86.6234	0.04278753	0.179323	0.149356	0.15537	0.163444	0.181031	0.171476	0.03199927	0.261617	0.23838	0.254306	0.245697	17.49959	0.1241158
29450	-20370.79	-20283.49	-87.29256	0.04278753	0.151519	0.155126	0.166611	0.169059	0.19541	0.162275	0.00922223	0.258926	0.242578	0.251359	0.247136	16.76128	0.0759799
29500	-20380.14	-20294.65	-85.48255	0.04278753	0.152281	0.143316	0.17348	0.150638	0.195618	0.184667	0.01362891	0.265684	0.241879	0.255592	0.236845	18.27503	0.1141266
29550	-20372.19	-20285.52	-86.66631	0.04278753	0.151237	0.154365	0.160302	0.160091	0.198269	0.175735	0.01185073	0.256874	0.243641	0.259091	0.240395	17.87588	0.1458067
29600	-20372.54	-20286.04	-86.50693	0.04278753	0.154086	0.157602	0.173527	0.155216	0.183953	0.175616	0.002352332	0.254232	0.238714	0.263953	0.243101	17.43012	0.1399905
29650	-20373.08	-20286.2	-86.88689	0.04278753	0.168935	0.162523	0.166489	0.158707	0.177596	0.16575	0.008639505	0.24695	0.242784	0.251715	0.258551	17.55174	0.1390144
29700	-20373.44	-20286.76	-86.67887	0.04278753	0.170452	0.154375	0.175922	0.155027	0.184364	0.159861	0.0090848	0.257379	0.235028	0.255556	0.252038	16.57346	0.0926667
29750	-20380.77	-20294.11	-86.6554	0.04278753	0.15828	0.159249	0.17238	0.160167	0.192831	0.157093	0.03493026	0.253291	0.231037	0.257905	0.257768	17.5781	0.1172371
29800	-20374.35	-20286.34	-88.00617	0.04278753	0.168233	0.157838	0.173015	0.152606	0.183709	0.164599	0.02311194	0.253155	0.234026	0.261519	0.2513	16.77739	0.08598683
29850	-20380.63	-20294.9	-85.73619	0.04278753	0.171836	0.151005	0.155973	0.15363	0.195498	0.172058	0.006138328	0.252086	0.242596	0.267082	0.238236	17.16643	0.1024114
29900	-20377.44	-20288.73	-88.70807	0.04278753	0.162046	0.148927	0.165941	0.165051	0.182411	0.175624	0.03737443	0.258922	0.242959	0.250552	0.247567	16.60557	0.09471423
29950	-20375.38	-20289.16	-86.21949	0.04278753	0.166791	0.153496	0.168444	0.167576	0.171704	0.171989	0.01649285	0.250027	0.238528	0.260212	0.251233	17.17142	0.1247043
30000	-20376.68	-20290.1	-86.57789	0.04278753	0.167508	0.168172	0.160105	0.148601	0.186917	0.168697	0.03371883	0.250105	0.254606	0.246483	0.248806	17.99001	0.1071753
